INFO - 2023-04-26 13:35:28 --> Session: Class initialized using 'CodeIgniter\Session\Handlers\FileHandler' driver.
ERROR - 2023-04-26 13:35:32 --> mysqli_sql_exception: Table 'siakad.dosen' doesn't exist in C:\xampp\htdocs\codeignater\system\Database\MySQLi\Connection.php:295
Stack trace:
#0 C:\xampp\htdocs\codeignater\system\Database\MySQLi\Connection.php(295): mysqli->query('SELECT * FROM d...', 0)
#1 C:\xampp\htdocs\codeignater\system\Database\BaseConnection.php(691): CodeIgniter\Database\MySQLi\Connection->execute('SELECT * FROM d...')
#2 C:\xampp\htdocs\codeignater\system\Database\BaseConnection.php(605): CodeIgniter\Database\BaseConnection->simpleQuery('SELECT * FROM d...')
#3 C:\xampp\htdocs\codeignater\app\Models\Model_siakad.php(91): CodeIgniter\Database\BaseConnection->query('SELECT * FROM d...')
#4 C:\xampp\htdocs\codeignater\app\Controllers\Siakad.php(130): App\Models\Model_siakad->combo_dosen()
#5 C:\xampp\htdocs\codeignater\system\CodeIgniter.php(934): App\Controllers\Siakad->nilai()
#6 C:\xampp\htdocs\codeignater\system\CodeIgniter.php(499): CodeIgniter\CodeIgniter->runController(Object(App\Controllers\Siakad))
#7 C:\xampp\htdocs\codeignater\system\CodeIgniter.php(368): CodeIgniter\CodeIgniter->handleRequest(NULL, Object(Config\Cache), false)
#8 C:\xampp\htdocs\codeignater\index.php(67): CodeIgniter\CodeIgniter->run()
#9 {main}
CRITICAL - 2023-04-26 13:35:32 --> Table 'siakad.dosen' doesn't exist
in SYSTEMPATH\Database\BaseConnection.php on line 645.
 1 APPPATH\Models\Model_siakad.php(91): CodeIgniter\Database\BaseConnection->query('SELECT * FROM dosen ')
 2 APPPATH\Controllers\Siakad.php(130): App\Models\Model_siakad->combo_dosen()
 3 SYSTEMPATH\CodeIgniter.php(934): App\Controllers\Siakad->nilai()
 4 SYSTEMPATH\CodeIgniter.php(499): CodeIgniter\CodeIgniter->runController(Object(App\Controllers\Siakad))
 5 SYSTEMPATH\CodeIgniter.php(368): CodeIgniter\CodeIgniter->handleRequest(null, Object(Config\Cache), false)
 6 FCPATH\index.php(67): CodeIgniter\CodeIgniter->run()
INFO - 2023-04-26 13:35:58 --> Session: Class initialized using 'CodeIgniter\Session\Handlers\FileHandler' driver.
ERROR - 2023-04-26 13:36:00 --> mysqli_sql_exception: Table 'siakad.dosen' doesn't exist in C:\xampp\htdocs\codeignater\system\Database\MySQLi\Connection.php:295
Stack trace:
#0 C:\xampp\htdocs\codeignater\system\Database\MySQLi\Connection.php(295): mysqli->query('SELECT * FROM d...', 0)
#1 C:\xampp\htdocs\codeignater\system\Database\BaseConnection.php(691): CodeIgniter\Database\MySQLi\Connection->execute('SELECT * FROM d...')
#2 C:\xampp\htdocs\codeignater\system\Database\BaseConnection.php(605): CodeIgniter\Database\BaseConnection->simpleQuery('SELECT * FROM d...')
#3 C:\xampp\htdocs\codeignater\app\Models\Model_siakad.php(91): CodeIgniter\Database\BaseConnection->query('SELECT * FROM d...')
#4 C:\xampp\htdocs\codeignater\app\Controllers\Siakad.php(130): App\Models\Model_siakad->combo_dosen()
#5 C:\xampp\htdocs\codeignater\system\CodeIgniter.php(934): App\Controllers\Siakad->nilai()
#6 C:\xampp\htdocs\codeignater\system\CodeIgniter.php(499): CodeIgniter\CodeIgniter->runController(Object(App\Controllers\Siakad))
#7 C:\xampp\htdocs\codeignater\system\CodeIgniter.php(368): CodeIgniter\CodeIgniter->handleRequest(NULL, Object(Config\Cache), false)
#8 C:\xampp\htdocs\codeignater\index.php(67): CodeIgniter\CodeIgniter->run()
#9 {main}
CRITICAL - 2023-04-26 13:36:00 --> Table 'siakad.dosen' doesn't exist
in SYSTEMPATH\Database\BaseConnection.php on line 645.
 1 APPPATH\Models\Model_siakad.php(91): CodeIgniter\Database\BaseConnection->query('SELECT * FROM dosen ')
 2 APPPATH\Controllers\Siakad.php(130): App\Models\Model_siakad->combo_dosen()
 3 SYSTEMPATH\CodeIgniter.php(934): App\Controllers\Siakad->nilai()
 4 SYSTEMPATH\CodeIgniter.php(499): CodeIgniter\CodeIgniter->runController(Object(App\Controllers\Siakad))
 5 SYSTEMPATH\CodeIgniter.php(368): CodeIgniter\CodeIgniter->handleRequest(null, Object(Config\Cache), false)
 6 FCPATH\index.php(67): CodeIgniter\CodeIgniter->run()
