INFO - 2023-04-09 15:34:13 --> Session: Class initialized using 'CodeIgniter\Session\Handlers\FileHandler' driver.
INFO - 2023-04-09 15:34:13 --> Session: Class initialized using 'CodeIgniter\Session\Handlers\FileHandler' driver.
ERROR - 2023-04-09 15:34:16 --> mysqli_sql_exception: Table 'siakad.dosen' doesn't exist in C:\xampp\htdocs\codeignater\system\Database\MySQLi\Connection.php:295
Stack trace:
#0 C:\xampp\htdocs\codeignater\system\Database\MySQLi\Connection.php(295): mysqli->query('SELECT * FROM d...', 0)
#1 C:\xampp\htdocs\codeignater\system\Database\BaseConnection.php(691): CodeIgniter\Database\MySQLi\Connection->execute('SELECT * FROM d...')
#2 C:\xampp\htdocs\codeignater\system\Database\BaseConnection.php(605): CodeIgniter\Database\BaseConnection->simpleQuery('SELECT * FROM d...')
#3 C:\xampp\htdocs\codeignater\app\Models\Model_siakad.php(91): CodeIgniter\Database\BaseConnection->query('SELECT * FROM d...')
#4 C:\xampp\htdocs\codeignater\app\Controllers\Siakad.php(130): App\Models\Model_siakad->combo_dosen()
#5 C:\xampp\htdocs\codeignater\system\CodeIgniter.php(934): App\Controllers\Siakad->nilai()
#6 C:\xampp\htdocs\codeignater\system\CodeIgniter.php(499): CodeIgniter\CodeIgniter->runController(Object(App\Controllers\Siakad))
#7 C:\xampp\htdocs\codeignater\system\CodeIgniter.php(368): CodeIgniter\CodeIgniter->handleRequest(NULL, Object(Config\Cache), false)
#8 C:\xampp\htdocs\codeignater\index.php(67): CodeIgniter\CodeIgniter->run()
#9 {main}
CRITICAL - 2023-04-09 15:34:16 --> Table 'siakad.dosen' doesn't exist
in SYSTEMPATH\Database\BaseConnection.php on line 645.
 1 APPPATH\Models\Model_siakad.php(91): CodeIgniter\Database\BaseConnection->query('SELECT * FROM dosen ')
 2 APPPATH\Controllers\Siakad.php(130): App\Models\Model_siakad->combo_dosen()
 3 SYSTEMPATH\CodeIgniter.php(934): App\Controllers\Siakad->nilai()
 4 SYSTEMPATH\CodeIgniter.php(499): CodeIgniter\CodeIgniter->runController(Object(App\Controllers\Siakad))
 5 SYSTEMPATH\CodeIgniter.php(368): CodeIgniter\CodeIgniter->handleRequest(null, Object(Config\Cache), false)
 6 FCPATH\index.php(67): CodeIgniter\CodeIgniter->run()
INFO - 2023-04-09 15:34:23 --> Session: Class initialized using 'CodeIgniter\Session\Handlers\FileHandler' driver.
ERROR - 2023-04-09 15:34:31 --> mysqli_sql_exception: Table 'siakad.dosen' doesn't exist in C:\xampp\htdocs\codeignater\system\Database\MySQLi\Connection.php:295
Stack trace:
#0 C:\xampp\htdocs\codeignater\system\Database\MySQLi\Connection.php(295): mysqli->query('SELECT * FROM d...', 0)
#1 C:\xampp\htdocs\codeignater\system\Database\BaseConnection.php(691): CodeIgniter\Database\MySQLi\Connection->execute('SELECT * FROM d...')
#2 C:\xampp\htdocs\codeignater\system\Database\BaseConnection.php(605): CodeIgniter\Database\BaseConnection->simpleQuery('SELECT * FROM d...')
#3 C:\xampp\htdocs\codeignater\app\Models\Model_siakad.php(91): CodeIgniter\Database\BaseConnection->query('SELECT * FROM d...')
#4 C:\xampp\htdocs\codeignater\app\Controllers\Siakad.php(130): App\Models\Model_siakad->combo_dosen()
#5 C:\xampp\htdocs\codeignater\system\CodeIgniter.php(934): App\Controllers\Siakad->nilai()
#6 C:\xampp\htdocs\codeignater\system\CodeIgniter.php(499): CodeIgniter\CodeIgniter->runController(Object(App\Controllers\Siakad))
#7 C:\xampp\htdocs\codeignater\system\CodeIgniter.php(368): CodeIgniter\CodeIgniter->handleRequest(NULL, Object(Config\Cache), false)
#8 C:\xampp\htdocs\codeignater\index.php(67): CodeIgniter\CodeIgniter->run()
#9 {main}
CRITICAL - 2023-04-09 15:34:31 --> Table 'siakad.dosen' doesn't exist
in SYSTEMPATH\Database\BaseConnection.php on line 645.
 1 APPPATH\Models\Model_siakad.php(91): CodeIgniter\Database\BaseConnection->query('SELECT * FROM dosen ')
 2 APPPATH\Controllers\Siakad.php(130): App\Models\Model_siakad->combo_dosen()
 3 SYSTEMPATH\CodeIgniter.php(934): App\Controllers\Siakad->nilai()
 4 SYSTEMPATH\CodeIgniter.php(499): CodeIgniter\CodeIgniter->runController(Object(App\Controllers\Siakad))
 5 SYSTEMPATH\CodeIgniter.php(368): CodeIgniter\CodeIgniter->handleRequest(null, Object(Config\Cache), false)
 6 FCPATH\index.php(67): CodeIgniter\CodeIgniter->run()
INFO - 2023-04-09 15:34:54 --> Session: Class initialized using 'CodeIgniter\Session\Handlers\FileHandler' driver.
CRITICAL - 2023-04-09 15:34:56 --> Undefined property: stdClass::$foto
in APPPATH\Views\siakad\edit_mahasiswa.php on line 80.
 1 APPPATH\Views\siakad\edit_mahasiswa.php(80): CodeIgniter\Debug\Exceptions->errorHandler(2, 'Undefined property: stdClass::$foto', 'APPPATH\\Views\\siakad\\edit_mahasiswa.php', 80)
 2 SYSTEMPATH\View\View.php(213): include('APPPATH\\Views\\siakad\\edit_mahasiswa.php')
 3 SYSTEMPATH\View\View.php(216): CodeIgniter\View\View->CodeIgniter\View\{closure}()
 4 SYSTEMPATH\Common.php(1184): CodeIgniter\View\View->render('siakad/edit_mahasiswa', [], true)
 5 APPPATH\Controllers\Siakad.php(36): view('siakad/edit_mahasiswa', [...])
 6 SYSTEMPATH\CodeIgniter.php(934): App\Controllers\Siakad->edit_mahasiswa('200303001')
 7 SYSTEMPATH\CodeIgniter.php(499): CodeIgniter\CodeIgniter->runController(Object(App\Controllers\Siakad))
 8 SYSTEMPATH\CodeIgniter.php(368): CodeIgniter\CodeIgniter->handleRequest(null, Object(Config\Cache), false)
 9 FCPATH\index.php(67): CodeIgniter\CodeIgniter->run()
INFO - 2023-04-09 15:35:01 --> Session: Class initialized using 'CodeIgniter\Session\Handlers\FileHandler' driver.
