INFO - 2023-03-28 06:40:10 --> Session: Class initialized using 'CodeIgniter\Session\Handlers\FileHandler' driver.
INFO - 2023-03-28 06:49:55 --> Session: Class initialized using 'CodeIgniter\Session\Handlers\FileHandler' driver.
INFO - 2023-03-28 06:50:35 --> Session: Class initialized using 'CodeIgniter\Session\Handlers\FileHandler' driver.
INFO - 2023-03-28 06:50:41 --> Session: Class initialized using 'CodeIgniter\Session\Handlers\FileHandler' driver.
INFO - 2023-03-28 06:50:47 --> Session: Class initialized using 'CodeIgniter\Session\Handlers\FileHandler' driver.
INFO - 2023-03-28 06:51:04 --> Session: Class initialized using 'CodeIgniter\Session\Handlers\FileHandler' driver.
INFO - 2023-03-28 06:51:45 --> Session: Class initialized using 'CodeIgniter\Session\Handlers\FileHandler' driver.
INFO - 2023-03-28 06:51:48 --> Session: Class initialized using 'CodeIgniter\Session\Handlers\FileHandler' driver.
CRITICAL - 2023-03-28 06:51:48 --> Undefined variable $mhs
in APPPATH\Views\siakad\Tambahnilai.php on line 82.
 1 APPPATH\Views\siakad\Tambahnilai.php(82): CodeIgniter\Debug\Exceptions->errorHandler(2, 'Undefined variable $mhs', 'APPPATH\\Views\\siakad\\Tambahnilai.php', 82)
 2 SYSTEMPATH\View\View.php(213): include('APPPATH\\Views\\siakad\\Tambahnilai.php')
 3 SYSTEMPATH\View\View.php(216): CodeIgniter\View\View->CodeIgniter\View\{closure}()
 4 SYSTEMPATH\Common.php(1184): CodeIgniter\View\View->render('siakad/Tambahnilai', [], true)
 5 APPPATH\Controllers\Siakad.php(127): view('siakad/Tambahnilai', [...])
 6 SYSTEMPATH\CodeIgniter.php(934): App\Controllers\Siakad->nilai()
 7 SYSTEMPATH\CodeIgniter.php(499): CodeIgniter\CodeIgniter->runController(Object(App\Controllers\Siakad))
 8 SYSTEMPATH\CodeIgniter.php(368): CodeIgniter\CodeIgniter->handleRequest(null, Object(Config\Cache), false)
 9 FCPATH\index.php(67): CodeIgniter\CodeIgniter->run()
INFO - 2023-03-28 06:53:39 --> Session: Class initialized using 'CodeIgniter\Session\Handlers\FileHandler' driver.
CRITICAL - 2023-03-28 06:53:39 --> Undefined variable $kdprodi
in APPPATH\Views\siakad\Tambahnilai.php on line 79.
 1 APPPATH\Views\siakad\Tambahnilai.php(79): CodeIgniter\Debug\Exceptions->errorHandler(2, 'Undefined variable $kdprodi', 'APPPATH\\Views\\siakad\\Tambahnilai.php', 79)
 2 SYSTEMPATH\View\View.php(213): include('APPPATH\\Views\\siakad\\Tambahnilai.php')
 3 SYSTEMPATH\View\View.php(216): CodeIgniter\View\View->CodeIgniter\View\{closure}()
 4 SYSTEMPATH\Common.php(1184): CodeIgniter\View\View->render('siakad/Tambahnilai', [], true)
 5 APPPATH\Controllers\Siakad.php(127): view('siakad/Tambahnilai', [...])
 6 SYSTEMPATH\CodeIgniter.php(934): App\Controllers\Siakad->nilai()
 7 SYSTEMPATH\CodeIgniter.php(499): CodeIgniter\CodeIgniter->runController(Object(App\Controllers\Siakad))
 8 SYSTEMPATH\CodeIgniter.php(368): CodeIgniter\CodeIgniter->handleRequest(null, Object(Config\Cache), false)
 9 FCPATH\index.php(67): CodeIgniter\CodeIgniter->run()
INFO - 2023-03-28 06:53:40 --> Session: Class initialized using 'CodeIgniter\Session\Handlers\FileHandler' driver.
CRITICAL - 2023-03-28 06:53:40 --> Undefined variable $kdprodi
in APPPATH\Views\siakad\Tambahnilai.php on line 79.
 1 APPPATH\Views\siakad\Tambahnilai.php(79): CodeIgniter\Debug\Exceptions->errorHandler(2, 'Undefined variable $kdprodi', 'APPPATH\\Views\\siakad\\Tambahnilai.php', 79)
 2 SYSTEMPATH\View\View.php(213): include('APPPATH\\Views\\siakad\\Tambahnilai.php')
 3 SYSTEMPATH\View\View.php(216): CodeIgniter\View\View->CodeIgniter\View\{closure}()
 4 SYSTEMPATH\Common.php(1184): CodeIgniter\View\View->render('siakad/Tambahnilai', [], true)
 5 APPPATH\Controllers\Siakad.php(127): view('siakad/Tambahnilai', [...])
 6 SYSTEMPATH\CodeIgniter.php(934): App\Controllers\Siakad->nilai()
 7 SYSTEMPATH\CodeIgniter.php(499): CodeIgniter\CodeIgniter->runController(Object(App\Controllers\Siakad))
 8 SYSTEMPATH\CodeIgniter.php(368): CodeIgniter\CodeIgniter->handleRequest(null, Object(Config\Cache), false)
 9 FCPATH\index.php(67): CodeIgniter\CodeIgniter->run()
INFO - 2023-03-28 06:53:53 --> Session: Class initialized using 'CodeIgniter\Session\Handlers\FileHandler' driver.
INFO - 2023-03-28 06:54:09 --> Session: Class initialized using 'CodeIgniter\Session\Handlers\FileHandler' driver.
INFO - 2023-03-28 07:01:04 --> Session: Class initialized using 'CodeIgniter\Session\Handlers\FileHandler' driver.
INFO - 2023-03-28 07:01:07 --> Session: Class initialized using 'CodeIgniter\Session\Handlers\FileHandler' driver.
INFO - 2023-03-28 07:01:08 --> Session: Class initialized using 'CodeIgniter\Session\Handlers\FileHandler' driver.
INFO - 2023-03-28 07:04:57 --> Session: Class initialized using 'CodeIgniter\Session\Handlers\FileHandler' driver.
INFO - 2023-03-28 07:08:29 --> Session: Class initialized using 'CodeIgniter\Session\Handlers\FileHandler' driver.
INFO - 2023-03-28 07:09:18 --> Session: Class initialized using 'CodeIgniter\Session\Handlers\FileHandler' driver.
INFO - 2023-03-28 07:10:36 --> Session: Class initialized using 'CodeIgniter\Session\Handlers\FileHandler' driver.
INFO - 2023-03-28 07:26:43 --> Session: Class initialized using 'CodeIgniter\Session\Handlers\FileHandler' driver.
INFO - 2023-03-28 07:27:16 --> Session: Class initialized using 'CodeIgniter\Session\Handlers\FileHandler' driver.
INFO - 2023-03-28 07:27:17 --> Session: Class initialized using 'CodeIgniter\Session\Handlers\FileHandler' driver.
CRITICAL - 2023-03-28 07:27:37 --> Undefined variable $dosenid
in APPPATH\Controllers\Siakad.php on line 129.
 1 APPPATH\Controllers\Siakad.php(129): CodeIgniter\Debug\Exceptions->errorHandler(2, 'Undefined variable $dosenid', 'APPPATH\\Controllers\\Siakad.php', 129)
 2 SYSTEMPATH\CodeIgniter.php(934): App\Controllers\Siakad->entri_nilai()
 3 SYSTEMPATH\CodeIgniter.php(499): CodeIgniter\CodeIgniter->runController(Object(App\Controllers\Siakad))
 4 SYSTEMPATH\CodeIgniter.php(368): CodeIgniter\CodeIgniter->handleRequest(null, Object(Config\Cache), false)
 5 FCPATH\index.php(67): CodeIgniter\CodeIgniter->run()
CRITICAL - 2023-03-28 07:28:53 --> Undefined variable $dosenid
in APPPATH\Controllers\Siakad.php on line 129.
 1 APPPATH\Controllers\Siakad.php(129): CodeIgniter\Debug\Exceptions->errorHandler(2, 'Undefined variable $dosenid', 'APPPATH\\Controllers\\Siakad.php', 129)
 2 SYSTEMPATH\CodeIgniter.php(934): App\Controllers\Siakad->entri_nilai()
 3 SYSTEMPATH\CodeIgniter.php(499): CodeIgniter\CodeIgniter->runController(Object(App\Controllers\Siakad))
 4 SYSTEMPATH\CodeIgniter.php(368): CodeIgniter\CodeIgniter->handleRequest(null, Object(Config\Cache), false)
 5 FCPATH\index.php(67): CodeIgniter\CodeIgniter->run()
INFO - 2023-03-28 07:28:55 --> Session: Class initialized using 'CodeIgniter\Session\Handlers\FileHandler' driver.
CRITICAL - 2023-03-28 07:28:55 --> Attempt to read property "dosenid" on array
in APPPATH\Views\siakad\Tambahnilai.php on line 71.
 1 APPPATH\Views\siakad\Tambahnilai.php(71): CodeIgniter\Debug\Exceptions->errorHandler(2, 'Attempt to read property "dosenid" on array', 'APPPATH\\Views\\siakad\\Tambahnilai.php', 71)
 2 SYSTEMPATH\View\View.php(213): include('APPPATH\\Views\\siakad\\Tambahnilai.php')
 3 SYSTEMPATH\View\View.php(216): CodeIgniter\View\View->CodeIgniter\View\{closure}()
 4 SYSTEMPATH\Common.php(1184): CodeIgniter\View\View->render('siakad/Tambahnilai', [], true)
 5 APPPATH\Controllers\Siakad.php(124): view('siakad/Tambahnilai', [...])
 6 SYSTEMPATH\CodeIgniter.php(934): App\Controllers\Siakad->nilai()
 7 SYSTEMPATH\CodeIgniter.php(499): CodeIgniter\CodeIgniter->runController(Object(App\Controllers\Siakad))
 8 SYSTEMPATH\CodeIgniter.php(368): CodeIgniter\CodeIgniter->handleRequest(null, Object(Config\Cache), false)
 9 FCPATH\index.php(67): CodeIgniter\CodeIgniter->run()
INFO - 2023-03-28 07:28:56 --> Session: Class initialized using 'CodeIgniter\Session\Handlers\FileHandler' driver.
INFO - 2023-03-28 07:28:59 --> Session: Class initialized using 'CodeIgniter\Session\Handlers\FileHandler' driver.
CRITICAL - 2023-03-28 07:28:59 --> Attempt to read property "dosenid" on array
in APPPATH\Views\siakad\Tambahnilai.php on line 71.
 1 APPPATH\Views\siakad\Tambahnilai.php(71): CodeIgniter\Debug\Exceptions->errorHandler(2, 'Attempt to read property "dosenid" on array', 'APPPATH\\Views\\siakad\\Tambahnilai.php', 71)
 2 SYSTEMPATH\View\View.php(213): include('APPPATH\\Views\\siakad\\Tambahnilai.php')
 3 SYSTEMPATH\View\View.php(216): CodeIgniter\View\View->CodeIgniter\View\{closure}()
 4 SYSTEMPATH\Common.php(1184): CodeIgniter\View\View->render('siakad/Tambahnilai', [], true)
 5 APPPATH\Controllers\Siakad.php(124): view('siakad/Tambahnilai', [...])
 6 SYSTEMPATH\CodeIgniter.php(934): App\Controllers\Siakad->nilai()
 7 SYSTEMPATH\CodeIgniter.php(499): CodeIgniter\CodeIgniter->runController(Object(App\Controllers\Siakad))
 8 SYSTEMPATH\CodeIgniter.php(368): CodeIgniter\CodeIgniter->handleRequest(null, Object(Config\Cache), false)
 9 FCPATH\index.php(67): CodeIgniter\CodeIgniter->run()
INFO - 2023-03-28 07:30:14 --> Session: Class initialized using 'CodeIgniter\Session\Handlers\FileHandler' driver.
CRITICAL - 2023-03-28 07:30:14 --> Attempt to read property "dosenid" on array
in APPPATH\Views\siakad\Tambahnilai.php on line 71.
 1 APPPATH\Views\siakad\Tambahnilai.php(71): CodeIgniter\Debug\Exceptions->errorHandler(2, 'Attempt to read property "dosenid" on array', 'APPPATH\\Views\\siakad\\Tambahnilai.php', 71)
 2 SYSTEMPATH\View\View.php(213): include('APPPATH\\Views\\siakad\\Tambahnilai.php')
 3 SYSTEMPATH\View\View.php(216): CodeIgniter\View\View->CodeIgniter\View\{closure}()
 4 SYSTEMPATH\Common.php(1184): CodeIgniter\View\View->render('siakad/Tambahnilai', [], true)
 5 APPPATH\Controllers\Siakad.php(124): view('siakad/Tambahnilai', [...])
 6 SYSTEMPATH\CodeIgniter.php(934): App\Controllers\Siakad->nilai()
 7 SYSTEMPATH\CodeIgniter.php(499): CodeIgniter\CodeIgniter->runController(Object(App\Controllers\Siakad))
 8 SYSTEMPATH\CodeIgniter.php(368): CodeIgniter\CodeIgniter->handleRequest(null, Object(Config\Cache), false)
 9 FCPATH\index.php(67): CodeIgniter\CodeIgniter->run()
INFO - 2023-03-28 07:30:15 --> Session: Class initialized using 'CodeIgniter\Session\Handlers\FileHandler' driver.
CRITICAL - 2023-03-28 07:30:15 --> Attempt to read property "dosenid" on array
in APPPATH\Views\siakad\Tambahnilai.php on line 71.
 1 APPPATH\Views\siakad\Tambahnilai.php(71): CodeIgniter\Debug\Exceptions->errorHandler(2, 'Attempt to read property "dosenid" on array', 'APPPATH\\Views\\siakad\\Tambahnilai.php', 71)
 2 SYSTEMPATH\View\View.php(213): include('APPPATH\\Views\\siakad\\Tambahnilai.php')
 3 SYSTEMPATH\View\View.php(216): CodeIgniter\View\View->CodeIgniter\View\{closure}()
 4 SYSTEMPATH\Common.php(1184): CodeIgniter\View\View->render('siakad/Tambahnilai', [], true)
 5 APPPATH\Controllers\Siakad.php(124): view('siakad/Tambahnilai', [...])
 6 SYSTEMPATH\CodeIgniter.php(934): App\Controllers\Siakad->nilai()
 7 SYSTEMPATH\CodeIgniter.php(499): CodeIgniter\CodeIgniter->runController(Object(App\Controllers\Siakad))
 8 SYSTEMPATH\CodeIgniter.php(368): CodeIgniter\CodeIgniter->handleRequest(null, Object(Config\Cache), false)
 9 FCPATH\index.php(67): CodeIgniter\CodeIgniter->run()
INFO - 2023-03-28 07:30:58 --> Session: Class initialized using 'CodeIgniter\Session\Handlers\FileHandler' driver.
INFO - 2023-03-28 07:31:07 --> Session: Class initialized using 'CodeIgniter\Session\Handlers\FileHandler' driver.
CRITICAL - 2023-03-28 07:31:21 --> Undefined variable $kodemtk
in APPPATH\Controllers\Siakad.php on line 130.
 1 APPPATH\Controllers\Siakad.php(130): CodeIgniter\Debug\Exceptions->errorHandler(2, 'Undefined variable $kodemtk', 'APPPATH\\Controllers\\Siakad.php', 130)
 2 SYSTEMPATH\CodeIgniter.php(934): App\Controllers\Siakad->entri_nilai()
 3 SYSTEMPATH\CodeIgniter.php(499): CodeIgniter\CodeIgniter->runController(Object(App\Controllers\Siakad))
 4 SYSTEMPATH\CodeIgniter.php(368): CodeIgniter\CodeIgniter->handleRequest(null, Object(Config\Cache), false)
 5 FCPATH\index.php(67): CodeIgniter\CodeIgniter->run()
CRITICAL - 2023-03-28 07:31:50 --> Undefined variable $kodemtk
in APPPATH\Controllers\Siakad.php on line 130.
 1 APPPATH\Controllers\Siakad.php(130): CodeIgniter\Debug\Exceptions->errorHandler(2, 'Undefined variable $kodemtk', 'APPPATH\\Controllers\\Siakad.php', 130)
 2 SYSTEMPATH\CodeIgniter.php(934): App\Controllers\Siakad->entri_nilai()
 3 SYSTEMPATH\CodeIgniter.php(499): CodeIgniter\CodeIgniter->runController(Object(App\Controllers\Siakad))
 4 SYSTEMPATH\CodeIgniter.php(368): CodeIgniter\CodeIgniter->handleRequest(null, Object(Config\Cache), false)
 5 FCPATH\index.php(67): CodeIgniter\CodeIgniter->run()
INFO - 2023-03-28 07:32:12 --> Session: Class initialized using 'CodeIgniter\Session\Handlers\FileHandler' driver.
INFO - 2023-03-28 07:32:14 --> Session: Class initialized using 'CodeIgniter\Session\Handlers\FileHandler' driver.
CRITICAL - 2023-03-28 07:32:15 --> Undefined variable $smtr
in APPPATH\Controllers\Siakad.php on line 131.
 1 APPPATH\Controllers\Siakad.php(131): CodeIgniter\Debug\Exceptions->errorHandler(2, 'Undefined variable $smtr', 'APPPATH\\Controllers\\Siakad.php', 131)
 2 SYSTEMPATH\CodeIgniter.php(934): App\Controllers\Siakad->entri_nilai()
 3 SYSTEMPATH\CodeIgniter.php(499): CodeIgniter\CodeIgniter->runController(Object(App\Controllers\Siakad))
 4 SYSTEMPATH\CodeIgniter.php(368): CodeIgniter\CodeIgniter->handleRequest(null, Object(Config\Cache), false)
 5 FCPATH\index.php(67): CodeIgniter\CodeIgniter->run()
CRITICAL - 2023-03-28 07:32:47 --> Undefined variable $smtr
in APPPATH\Controllers\Siakad.php on line 131.
 1 APPPATH\Controllers\Siakad.php(131): CodeIgniter\Debug\Exceptions->errorHandler(2, 'Undefined variable $smtr', 'APPPATH\\Controllers\\Siakad.php', 131)
 2 SYSTEMPATH\CodeIgniter.php(934): App\Controllers\Siakad->entri_nilai()
 3 SYSTEMPATH\CodeIgniter.php(499): CodeIgniter\CodeIgniter->runController(Object(App\Controllers\Siakad))
 4 SYSTEMPATH\CodeIgniter.php(368): CodeIgniter\CodeIgniter->handleRequest(null, Object(Config\Cache), false)
 5 FCPATH\index.php(67): CodeIgniter\CodeIgniter->run()
INFO - 2023-03-28 07:32:50 --> Session: Class initialized using 'CodeIgniter\Session\Handlers\FileHandler' driver.
INFO - 2023-03-28 07:32:51 --> Session: Class initialized using 'CodeIgniter\Session\Handlers\FileHandler' driver.
INFO - 2023-03-28 07:32:52 --> Session: Class initialized using 'CodeIgniter\Session\Handlers\FileHandler' driver.
INFO - 2023-03-28 07:35:17 --> Session: Class initialized using 'CodeIgniter\Session\Handlers\FileHandler' driver.
CRITICAL - 2023-03-28 07:35:17 --> Attempt to read property "ta" on string
in APPPATH\Views\siakad\ProsesNilai.php on line 40.
 1 APPPATH\Views\siakad\ProsesNilai.php(40): CodeIgniter\Debug\Exceptions->errorHandler(2, 'Attempt to read property "ta" on string', 'APPPATH\\Views\\siakad\\ProsesNilai.php', 40)
 2 SYSTEMPATH\View\View.php(213): include('APPPATH\\Views\\siakad\\ProsesNilai.php')
 3 SYSTEMPATH\View\View.php(216): CodeIgniter\View\View->CodeIgniter\View\{closure}()
 4 SYSTEMPATH\Common.php(1184): CodeIgniter\View\View->render('siakad/ProsesNilai', [], true)
 5 APPPATH\Controllers\Siakad.php(133): view('siakad/ProsesNilai', [...])
 6 SYSTEMPATH\CodeIgniter.php(934): App\Controllers\Siakad->entri_nilai()
 7 SYSTEMPATH\CodeIgniter.php(499): CodeIgniter\CodeIgniter->runController(Object(App\Controllers\Siakad))
 8 SYSTEMPATH\CodeIgniter.php(368): CodeIgniter\CodeIgniter->handleRequest(null, Object(Config\Cache), false)
 9 FCPATH\index.php(67): CodeIgniter\CodeIgniter->run()
INFO - 2023-03-28 07:36:13 --> Session: Class initialized using 'CodeIgniter\Session\Handlers\FileHandler' driver.
CRITICAL - 2023-03-28 07:36:13 --> Attempt to read property "ta" on string
in APPPATH\Views\siakad\ProsesNilai.php on line 40.
 1 APPPATH\Views\siakad\ProsesNilai.php(40): CodeIgniter\Debug\Exceptions->errorHandler(2, 'Attempt to read property "ta" on string', 'APPPATH\\Views\\siakad\\ProsesNilai.php', 40)
 2 SYSTEMPATH\View\View.php(213): include('APPPATH\\Views\\siakad\\ProsesNilai.php')
 3 SYSTEMPATH\View\View.php(216): CodeIgniter\View\View->CodeIgniter\View\{closure}()
 4 SYSTEMPATH\Common.php(1184): CodeIgniter\View\View->render('siakad/ProsesNilai', [], true)
 5 APPPATH\Controllers\Siakad.php(133): view('siakad/ProsesNilai', [...])
 6 SYSTEMPATH\CodeIgniter.php(934): App\Controllers\Siakad->entri_nilai()
 7 SYSTEMPATH\CodeIgniter.php(499): CodeIgniter\CodeIgniter->runController(Object(App\Controllers\Siakad))
 8 SYSTEMPATH\CodeIgniter.php(368): CodeIgniter\CodeIgniter->handleRequest(null, Object(Config\Cache), false)
 9 FCPATH\index.php(67): CodeIgniter\CodeIgniter->run()
INFO - 2023-03-28 07:36:28 --> Session: Class initialized using 'CodeIgniter\Session\Handlers\FileHandler' driver.
CRITICAL - 2023-03-28 07:36:28 --> Attempt to read property "ta" on string
in APPPATH\Views\siakad\ProsesNilai.php on line 40.
 1 APPPATH\Views\siakad\ProsesNilai.php(40): CodeIgniter\Debug\Exceptions->errorHandler(2, 'Attempt to read property "ta" on string', 'APPPATH\\Views\\siakad\\ProsesNilai.php', 40)
 2 SYSTEMPATH\View\View.php(213): include('APPPATH\\Views\\siakad\\ProsesNilai.php')
 3 SYSTEMPATH\View\View.php(216): CodeIgniter\View\View->CodeIgniter\View\{closure}()
 4 SYSTEMPATH\Common.php(1184): CodeIgniter\View\View->render('siakad/ProsesNilai', [], true)
 5 APPPATH\Controllers\Siakad.php(133): view('siakad/ProsesNilai', [...])
 6 SYSTEMPATH\CodeIgniter.php(934): App\Controllers\Siakad->entri_nilai()
 7 SYSTEMPATH\CodeIgniter.php(499): CodeIgniter\CodeIgniter->runController(Object(App\Controllers\Siakad))
 8 SYSTEMPATH\CodeIgniter.php(368): CodeIgniter\CodeIgniter->handleRequest(null, Object(Config\Cache), false)
 9 FCPATH\index.php(67): CodeIgniter\CodeIgniter->run()
INFO - 2023-03-28 07:37:34 --> Session: Class initialized using 'CodeIgniter\Session\Handlers\FileHandler' driver.
CRITICAL - 2023-03-28 07:37:34 --> Attempt to read property "ta" on string
in APPPATH\Views\siakad\ProsesNilai.php on line 40.
 1 APPPATH\Views\siakad\ProsesNilai.php(40): CodeIgniter\Debug\Exceptions->errorHandler(2, 'Attempt to read property "ta" on string', 'APPPATH\\Views\\siakad\\ProsesNilai.php', 40)
 2 SYSTEMPATH\View\View.php(213): include('APPPATH\\Views\\siakad\\ProsesNilai.php')
 3 SYSTEMPATH\View\View.php(216): CodeIgniter\View\View->CodeIgniter\View\{closure}()
 4 SYSTEMPATH\Common.php(1184): CodeIgniter\View\View->render('siakad/ProsesNilai', [], true)
 5 APPPATH\Controllers\Siakad.php(133): view('siakad/ProsesNilai', [...])
 6 SYSTEMPATH\CodeIgniter.php(934): App\Controllers\Siakad->entri_nilai()
 7 SYSTEMPATH\CodeIgniter.php(499): CodeIgniter\CodeIgniter->runController(Object(App\Controllers\Siakad))
 8 SYSTEMPATH\CodeIgniter.php(368): CodeIgniter\CodeIgniter->handleRequest(null, Object(Config\Cache), false)
 9 FCPATH\index.php(67): CodeIgniter\CodeIgniter->run()
INFO - 2023-03-28 07:37:41 --> Session: Class initialized using 'CodeIgniter\Session\Handlers\FileHandler' driver.
INFO - 2023-03-28 07:37:42 --> Session: Class initialized using 'CodeIgniter\Session\Handlers\FileHandler' driver.
INFO - 2023-03-28 07:37:44 --> Session: Class initialized using 'CodeIgniter\Session\Handlers\FileHandler' driver.
CRITICAL - 2023-03-28 07:37:44 --> Attempt to read property "ta" on string
in APPPATH\Views\siakad\ProsesNilai.php on line 40.
 1 APPPATH\Views\siakad\ProsesNilai.php(40): CodeIgniter\Debug\Exceptions->errorHandler(2, 'Attempt to read property "ta" on string', 'APPPATH\\Views\\siakad\\ProsesNilai.php', 40)
 2 SYSTEMPATH\View\View.php(213): include('APPPATH\\Views\\siakad\\ProsesNilai.php')
 3 SYSTEMPATH\View\View.php(216): CodeIgniter\View\View->CodeIgniter\View\{closure}()
 4 SYSTEMPATH\Common.php(1184): CodeIgniter\View\View->render('siakad/ProsesNilai', [], true)
 5 APPPATH\Controllers\Siakad.php(133): view('siakad/ProsesNilai', [...])
 6 SYSTEMPATH\CodeIgniter.php(934): App\Controllers\Siakad->entri_nilai()
 7 SYSTEMPATH\CodeIgniter.php(499): CodeIgniter\CodeIgniter->runController(Object(App\Controllers\Siakad))
 8 SYSTEMPATH\CodeIgniter.php(368): CodeIgniter\CodeIgniter->handleRequest(null, Object(Config\Cache), false)
 9 FCPATH\index.php(67): CodeIgniter\CodeIgniter->run()
INFO - 2023-03-28 07:39:45 --> Session: Class initialized using 'CodeIgniter\Session\Handlers\FileHandler' driver.
CRITICAL - 2023-03-28 07:39:48 --> Undefined variable $dosenid
in APPPATH\Controllers\Siakad.php on line 129.
 1 APPPATH\Controllers\Siakad.php(129): CodeIgniter\Debug\Exceptions->errorHandler(2, 'Undefined variable $dosenid', 'APPPATH\\Controllers\\Siakad.php', 129)
 2 SYSTEMPATH\CodeIgniter.php(934): App\Controllers\Siakad->entri_nilai()
 3 SYSTEMPATH\CodeIgniter.php(499): CodeIgniter\CodeIgniter->runController(Object(App\Controllers\Siakad))
 4 SYSTEMPATH\CodeIgniter.php(368): CodeIgniter\CodeIgniter->handleRequest(null, Object(Config\Cache), false)
 5 FCPATH\index.php(67): CodeIgniter\CodeIgniter->run()
INFO - 2023-03-28 07:40:26 --> Session: Class initialized using 'CodeIgniter\Session\Handlers\FileHandler' driver.
INFO - 2023-03-28 07:40:29 --> Session: Class initialized using 'CodeIgniter\Session\Handlers\FileHandler' driver.
INFO - 2023-03-28 07:40:30 --> Session: Class initialized using 'CodeIgniter\Session\Handlers\FileHandler' driver.
INFO - 2023-03-28 07:40:41 --> Session: Class initialized using 'CodeIgniter\Session\Handlers\FileHandler' driver.
INFO - 2023-03-28 07:41:45 --> Session: Class initialized using 'CodeIgniter\Session\Handlers\FileHandler' driver.
INFO - 2023-03-28 07:41:55 --> Session: Class initialized using 'CodeIgniter\Session\Handlers\FileHandler' driver.
INFO - 2023-03-28 07:44:17 --> Session: Class initialized using 'CodeIgniter\Session\Handlers\FileHandler' driver.
CRITICAL - 2023-03-28 07:44:17 --> Object of class stdClass could not be converted to string
in APPPATH\Views\siakad\ProsesNilai.php on line 62.
 1 SYSTEMPATH\View\View.php(213): include()
 2 SYSTEMPATH\View\View.php(216): CodeIgniter\View\View->CodeIgniter\View\{closure}()
 3 SYSTEMPATH\Common.php(1184): CodeIgniter\View\View->render('siakad/ProsesNilai', [], true)
 4 APPPATH\Controllers\Siakad.php(133): view('siakad/ProsesNilai', [...])
 5 SYSTEMPATH\CodeIgniter.php(934): App\Controllers\Siakad->entri_nilai()
 6 SYSTEMPATH\CodeIgniter.php(499): CodeIgniter\CodeIgniter->runController(Object(App\Controllers\Siakad))
 7 SYSTEMPATH\CodeIgniter.php(368): CodeIgniter\CodeIgniter->handleRequest(null, Object(Config\Cache), false)
 8 FCPATH\index.php(67): CodeIgniter\CodeIgniter->run()
INFO - 2023-03-28 07:44:30 --> Session: Class initialized using 'CodeIgniter\Session\Handlers\FileHandler' driver.
INFO - 2023-03-28 07:44:47 --> Session: Class initialized using 'CodeIgniter\Session\Handlers\FileHandler' driver.
INFO - 2023-03-28 07:47:12 --> Session: Class initialized using 'CodeIgniter\Session\Handlers\FileHandler' driver.
CRITICAL - 2023-03-28 07:47:12 --> Undefined variable $spt
in APPPATH\Views\siakad\ProsesNilai.php on line 89.
 1 APPPATH\Views\siakad\ProsesNilai.php(89): CodeIgniter\Debug\Exceptions->errorHandler(2, 'Undefined variable $spt', 'APPPATH\\Views\\siakad\\ProsesNilai.php', 89)
 2 SYSTEMPATH\View\View.php(213): include('APPPATH\\Views\\siakad\\ProsesNilai.php')
 3 SYSTEMPATH\View\View.php(216): CodeIgniter\View\View->CodeIgniter\View\{closure}()
 4 SYSTEMPATH\Common.php(1184): CodeIgniter\View\View->render('siakad/ProsesNilai', [], true)
 5 APPPATH\Controllers\Siakad.php(133): view('siakad/ProsesNilai', [...])
 6 SYSTEMPATH\CodeIgniter.php(934): App\Controllers\Siakad->entri_nilai()
 7 SYSTEMPATH\CodeIgniter.php(499): CodeIgniter\CodeIgniter->runController(Object(App\Controllers\Siakad))
 8 SYSTEMPATH\CodeIgniter.php(368): CodeIgniter\CodeIgniter->handleRequest(null, Object(Config\Cache), false)
 9 FCPATH\index.php(67): CodeIgniter\CodeIgniter->run()
INFO - 2023-03-28 07:47:20 --> Session: Class initialized using 'CodeIgniter\Session\Handlers\FileHandler' driver.
INFO - 2023-03-28 07:47:37 --> Session: Class initialized using 'CodeIgniter\Session\Handlers\FileHandler' driver.
INFO - 2023-03-28 07:48:09 --> Session: Class initialized using 'CodeIgniter\Session\Handlers\FileHandler' driver.
INFO - 2023-03-28 07:48:19 --> Session: Class initialized using 'CodeIgniter\Session\Handlers\FileHandler' driver.
INFO - 2023-03-28 07:52:11 --> Session: Class initialized using 'CodeIgniter\Session\Handlers\FileHandler' driver.
INFO - 2023-03-28 07:54:42 --> Session: Class initialized using 'CodeIgniter\Session\Handlers\FileHandler' driver.
INFO - 2023-03-28 07:56:37 --> Session: Class initialized using 'CodeIgniter\Session\Handlers\FileHandler' driver.
INFO - 2023-03-28 07:56:40 --> Session: Class initialized using 'CodeIgniter\Session\Handlers\FileHandler' driver.
INFO - 2023-03-28 07:56:41 --> Session: Class initialized using 'CodeIgniter\Session\Handlers\FileHandler' driver.
INFO - 2023-03-28 07:56:43 --> Session: Class initialized using 'CodeIgniter\Session\Handlers\FileHandler' driver.
INFO - 2023-03-28 07:56:45 --> Session: Class initialized using 'CodeIgniter\Session\Handlers\FileHandler' driver.
INFO - 2023-03-28 07:57:42 --> Session: Class initialized using 'CodeIgniter\Session\Handlers\FileHandler' driver.
INFO - 2023-03-28 08:04:30 --> Session: Class initialized using 'CodeIgniter\Session\Handlers\FileHandler' driver.
INFO - 2023-03-28 08:04:31 --> Session: Class initialized using 'CodeIgniter\Session\Handlers\FileHandler' driver.
INFO - 2023-03-28 08:04:32 --> Session: Class initialized using 'CodeIgniter\Session\Handlers\FileHandler' driver.
INFO - 2023-03-28 08:04:55 --> Session: Class initialized using 'CodeIgniter\Session\Handlers\FileHandler' driver.
INFO - 2023-03-28 08:04:59 --> Session: Class initialized using 'CodeIgniter\Session\Handlers\FileHandler' driver.
INFO - 2023-03-28 08:05:18 --> Session: Class initialized using 'CodeIgniter\Session\Handlers\FileHandler' driver.
INFO - 2023-03-28 08:05:23 --> Session: Class initialized using 'CodeIgniter\Session\Handlers\FileHandler' driver.
INFO - 2023-03-28 08:05:28 --> Session: Class initialized using 'CodeIgniter\Session\Handlers\FileHandler' driver.
INFO - 2023-03-28 08:05:29 --> Session: Class initialized using 'CodeIgniter\Session\Handlers\FileHandler' driver.
INFO - 2023-03-28 08:06:57 --> Session: Class initialized using 'CodeIgniter\Session\Handlers\FileHandler' driver.
INFO - 2023-03-28 08:07:07 --> Session: Class initialized using 'CodeIgniter\Session\Handlers\FileHandler' driver.
INFO - 2023-03-28 08:46:50 --> Session: Class initialized using 'CodeIgniter\Session\Handlers\FileHandler' driver.
INFO - 2023-03-28 08:52:15 --> Session: Class initialized using 'CodeIgniter\Session\Handlers\FileHandler' driver.
INFO - 2023-03-28 08:53:52 --> Session: Class initialized using 'CodeIgniter\Session\Handlers\FileHandler' driver.
INFO - 2023-03-28 08:53:54 --> Session: Class initialized using 'CodeIgniter\Session\Handlers\FileHandler' driver.
INFO - 2023-03-28 08:55:33 --> Session: Class initialized using 'CodeIgniter\Session\Handlers\FileHandler' driver.
INFO - 2023-03-28 08:56:49 --> Session: Class initialized using 'CodeIgniter\Session\Handlers\FileHandler' driver.
INFO - 2023-03-28 08:56:54 --> Session: Class initialized using 'CodeIgniter\Session\Handlers\FileHandler' driver.
INFO - 2023-03-28 08:57:08 --> Session: Class initialized using 'CodeIgniter\Session\Handlers\FileHandler' driver.
INFO - 2023-03-28 08:57:32 --> Session: Class initialized using 'CodeIgniter\Session\Handlers\FileHandler' driver.
INFO - 2023-03-28 08:57:35 --> Session: Class initialized using 'CodeIgniter\Session\Handlers\FileHandler' driver.
INFO - 2023-03-28 08:58:44 --> Session: Class initialized using 'CodeIgniter\Session\Handlers\FileHandler' driver.
INFO - 2023-03-28 09:00:28 --> Session: Class initialized using 'CodeIgniter\Session\Handlers\FileHandler' driver.
INFO - 2023-03-28 09:01:44 --> Session: Class initialized using 'CodeIgniter\Session\Handlers\FileHandler' driver.
CRITICAL - 2023-03-28 09:03:18 --> Undefined variable $dosenid
in APPPATH\Controllers\Siakad.php on line 129.
 1 APPPATH\Controllers\Siakad.php(129): CodeIgniter\Debug\Exceptions->errorHandler(2, 'Undefined variable $dosenid', 'APPPATH\\Controllers\\Siakad.php', 129)
 2 SYSTEMPATH\CodeIgniter.php(934): App\Controllers\Siakad->entri_nilai()
 3 SYSTEMPATH\CodeIgniter.php(499): CodeIgniter\CodeIgniter->runController(Object(App\Controllers\Siakad))
 4 SYSTEMPATH\CodeIgniter.php(368): CodeIgniter\CodeIgniter->handleRequest(null, Object(Config\Cache), false)
 5 FCPATH\index.php(67): CodeIgniter\CodeIgniter->run()
INFO - 2023-03-28 09:03:22 --> Session: Class initialized using 'CodeIgniter\Session\Handlers\FileHandler' driver.
INFO - 2023-03-28 09:03:37 --> Session: Class initialized using 'CodeIgniter\Session\Handlers\FileHandler' driver.
INFO - 2023-03-28 09:03:40 --> Session: Class initialized using 'CodeIgniter\Session\Handlers\FileHandler' driver.
INFO - 2023-03-28 09:03:48 --> Session: Class initialized using 'CodeIgniter\Session\Handlers\FileHandler' driver.
INFO - 2023-03-28 09:05:38 --> Session: Class initialized using 'CodeIgniter\Session\Handlers\FileHandler' driver.
INFO - 2023-03-28 09:05:54 --> Session: Class initialized using 'CodeIgniter\Session\Handlers\FileHandler' driver.
INFO - 2023-03-28 09:07:28 --> Session: Class initialized using 'CodeIgniter\Session\Handlers\FileHandler' driver.
INFO - 2023-03-28 09:09:13 --> Session: Class initialized using 'CodeIgniter\Session\Handlers\FileHandler' driver.
INFO - 2023-03-28 09:10:25 --> Session: Class initialized using 'CodeIgniter\Session\Handlers\FileHandler' driver.
INFO - 2023-03-28 09:10:26 --> Session: Class initialized using 'CodeIgniter\Session\Handlers\FileHandler' driver.
INFO - 2023-03-28 09:10:28 --> Session: Class initialized using 'CodeIgniter\Session\Handlers\FileHandler' driver.
INFO - 2023-03-28 09:10:32 --> Session: Class initialized using 'CodeIgniter\Session\Handlers\FileHandler' driver.
INFO - 2023-03-28 09:10:39 --> Session: Class initialized using 'CodeIgniter\Session\Handlers\FileHandler' driver.
CRITICAL - 2023-03-28 09:10:49 --> Undefined variable $dosenid
in APPPATH\Controllers\Siakad.php on line 129.
 1 APPPATH\Controllers\Siakad.php(129): CodeIgniter\Debug\Exceptions->errorHandler(2, 'Undefined variable $dosenid', 'APPPATH\\Controllers\\Siakad.php', 129)
 2 SYSTEMPATH\CodeIgniter.php(934): App\Controllers\Siakad->entri_nilai()
 3 SYSTEMPATH\CodeIgniter.php(499): CodeIgniter\CodeIgniter->runController(Object(App\Controllers\Siakad))
 4 SYSTEMPATH\CodeIgniter.php(368): CodeIgniter\CodeIgniter->handleRequest(null, Object(Config\Cache), false)
 5 FCPATH\index.php(67): CodeIgniter\CodeIgniter->run()
INFO - 2023-03-28 09:12:10 --> Session: Class initialized using 'CodeIgniter\Session\Handlers\FileHandler' driver.
CRITICAL - 2023-03-28 09:12:19 --> Undefined variable $dosenid
in APPPATH\Controllers\Siakad.php on line 150.
 1 APPPATH\Controllers\Siakad.php(150): CodeIgniter\Debug\Exceptions->errorHandler(2, 'Undefined variable $dosenid', 'APPPATH\\Controllers\\Siakad.php', 150)
 2 SYSTEMPATH\CodeIgniter.php(934): App\Controllers\Siakad->simpannilai()
 3 SYSTEMPATH\CodeIgniter.php(499): CodeIgniter\CodeIgniter->runController(Object(App\Controllers\Siakad))
 4 SYSTEMPATH\CodeIgniter.php(368): CodeIgniter\CodeIgniter->handleRequest(null, Object(Config\Cache), false)
 5 FCPATH\index.php(67): CodeIgniter\CodeIgniter->run()
INFO - 2023-03-28 09:13:41 --> Session: Class initialized using 'CodeIgniter\Session\Handlers\FileHandler' driver.
INFO - 2023-03-28 09:13:45 --> Session: Class initialized using 'CodeIgniter\Session\Handlers\FileHandler' driver.
INFO - 2023-03-28 09:13:53 --> Session: Class initialized using 'CodeIgniter\Session\Handlers\FileHandler' driver.
INFO - 2023-03-28 09:15:46 --> Session: Class initialized using 'CodeIgniter\Session\Handlers\FileHandler' driver.
INFO - 2023-03-28 09:15:48 --> Session: Class initialized using 'CodeIgniter\Session\Handlers\FileHandler' driver.
INFO - 2023-03-28 09:15:49 --> Session: Class initialized using 'CodeIgniter\Session\Handlers\FileHandler' driver.
CRITICAL - 2023-03-28 09:18:13 --> Undefined array key "file"
in APPPATH\Controllers\Siakad.php on line 55.
 1 APPPATH\Controllers\Siakad.php(55): CodeIgniter\Debug\Exceptions->errorHandler(2, 'Undefined array key "file"', 'APPPATH\\Controllers\\Siakad.php', 55)
 2 SYSTEMPATH\CodeIgniter.php(934): App\Controllers\Siakad->mhs_simpan()
 3 SYSTEMPATH\CodeIgniter.php(499): CodeIgniter\CodeIgniter->runController(Object(App\Controllers\Siakad))
 4 SYSTEMPATH\CodeIgniter.php(368): CodeIgniter\CodeIgniter->handleRequest(null, Object(Config\Cache), false)
 5 FCPATH\index.php(67): CodeIgniter\CodeIgniter->run()
CRITICAL - 2023-03-28 09:19:08 --> Undefined array key "file"
in APPPATH\Controllers\Siakad.php on line 55.
 1 APPPATH\Controllers\Siakad.php(55): CodeIgniter\Debug\Exceptions->errorHandler(2, 'Undefined array key "file"', 'APPPATH\\Controllers\\Siakad.php', 55)
 2 SYSTEMPATH\CodeIgniter.php(934): App\Controllers\Siakad->mhs_simpan()
 3 SYSTEMPATH\CodeIgniter.php(499): CodeIgniter\CodeIgniter->runController(Object(App\Controllers\Siakad))
 4 SYSTEMPATH\CodeIgniter.php(368): CodeIgniter\CodeIgniter->handleRequest(null, Object(Config\Cache), false)
 5 FCPATH\index.php(67): CodeIgniter\CodeIgniter->run()
CRITICAL - 2023-03-28 09:19:11 --> Undefined array key "file"
in APPPATH\Controllers\Siakad.php on line 55.
 1 APPPATH\Controllers\Siakad.php(55): CodeIgniter\Debug\Exceptions->errorHandler(2, 'Undefined array key "file"', 'APPPATH\\Controllers\\Siakad.php', 55)
 2 SYSTEMPATH\CodeIgniter.php(934): App\Controllers\Siakad->mhs_simpan()
 3 SYSTEMPATH\CodeIgniter.php(499): CodeIgniter\CodeIgniter->runController(Object(App\Controllers\Siakad))
 4 SYSTEMPATH\CodeIgniter.php(368): CodeIgniter\CodeIgniter->handleRequest(null, Object(Config\Cache), false)
 5 FCPATH\index.php(67): CodeIgniter\CodeIgniter->run()
INFO - 2023-03-28 09:20:19 --> Session: Class initialized using 'CodeIgniter\Session\Handlers\FileHandler' driver.
CRITICAL - 2023-03-28 09:20:44 --> Undefined array key "file"
in APPPATH\Controllers\Siakad.php on line 55.
 1 APPPATH\Controllers\Siakad.php(55): CodeIgniter\Debug\Exceptions->errorHandler(2, 'Undefined array key "file"', 'APPPATH\\Controllers\\Siakad.php', 55)
 2 SYSTEMPATH\CodeIgniter.php(934): App\Controllers\Siakad->mhs_simpan()
 3 SYSTEMPATH\CodeIgniter.php(499): CodeIgniter\CodeIgniter->runController(Object(App\Controllers\Siakad))
 4 SYSTEMPATH\CodeIgniter.php(368): CodeIgniter\CodeIgniter->handleRequest(null, Object(Config\Cache), false)
 5 FCPATH\index.php(67): CodeIgniter\CodeIgniter->run()
CRITICAL - 2023-03-28 09:22:39 --> Undefined variable $namafile
in APPPATH\Controllers\Siakad.php on line 79.
 1 APPPATH\Controllers\Siakad.php(79): CodeIgniter\Debug\Exceptions->errorHandler(2, 'Undefined variable $namafile', 'APPPATH\\Controllers\\Siakad.php', 79)
 2 SYSTEMPATH\CodeIgniter.php(934): App\Controllers\Siakad->mhs_simpan()
 3 SYSTEMPATH\CodeIgniter.php(499): CodeIgniter\CodeIgniter->runController(Object(App\Controllers\Siakad))
 4 SYSTEMPATH\CodeIgniter.php(368): CodeIgniter\CodeIgniter->handleRequest(null, Object(Config\Cache), false)
 5 FCPATH\index.php(67): CodeIgniter\CodeIgniter->run()
INFO - 2023-03-28 09:23:02 --> Session: Class initialized using 'CodeIgniter\Session\Handlers\FileHandler' driver.
INFO - 2023-03-28 09:23:46 --> Session: Class initialized using 'CodeIgniter\Session\Handlers\FileHandler' driver.
INFO - 2023-03-28 09:23:50 --> Session: Class initialized using 'CodeIgniter\Session\Handlers\FileHandler' driver.
INFO - 2023-03-28 09:24:04 --> Session: Class initialized using 'CodeIgniter\Session\Handlers\FileHandler' driver.
INFO - 2023-03-28 09:24:07 --> Session: Class initialized using 'CodeIgniter\Session\Handlers\FileHandler' driver.
INFO - 2023-03-28 09:24:10 --> Session: Class initialized using 'CodeIgniter\Session\Handlers\FileHandler' driver.
INFO - 2023-03-28 09:24:18 --> Session: Class initialized using 'CodeIgniter\Session\Handlers\FileHandler' driver.
INFO - 2023-03-28 09:25:30 --> Session: Class initialized using 'CodeIgniter\Session\Handlers\FileHandler' driver.
INFO - 2023-03-28 09:25:35 --> Session: Class initialized using 'CodeIgniter\Session\Handlers\FileHandler' driver.
INFO - 2023-03-28 09:25:38 --> Session: Class initialized using 'CodeIgniter\Session\Handlers\FileHandler' driver.
INFO - 2023-03-28 09:25:41 --> Session: Class initialized using 'CodeIgniter\Session\Handlers\FileHandler' driver.
INFO - 2023-03-28 09:25:45 --> Session: Class initialized using 'CodeIgniter\Session\Handlers\FileHandler' driver.
