INFO - 2023-04-04 01:56:03 --> Session: Class initialized using 'CodeIgniter\Session\Handlers\FileHandler' driver.
INFO - 2023-04-04 01:56:04 --> Session: Class initialized using 'CodeIgniter\Session\Handlers\FileHandler' driver.
INFO - 2023-04-04 01:56:08 --> Session: Class initialized using 'CodeIgniter\Session\Handlers\FileHandler' driver.
INFO - 2023-04-04 01:56:10 --> Session: Class initialized using 'CodeIgniter\Session\Handlers\FileHandler' driver.
INFO - 2023-04-04 01:56:14 --> Session: Class initialized using 'CodeIgniter\Session\Handlers\FileHandler' driver.
INFO - 2023-04-04 01:56:19 --> Session: Class initialized using 'CodeIgniter\Session\Handlers\FileHandler' driver.
CRITICAL - 2023-04-04 01:56:21 --> Undefined variable $nim
in APPPATH\Controllers\Siakad.php on line 158.
 1 APPPATH\Controllers\Siakad.php(158): CodeIgniter\Debug\Exceptions->errorHandler(2, 'Undefined variable $nim', 'APPPATH\\Controllers\\Siakad.php', 158)
 2 SYSTEMPATH\CodeIgniter.php(934): App\Controllers\Siakad->simpannilai()
 3 SYSTEMPATH\CodeIgniter.php(499): CodeIgniter\CodeIgniter->runController(Object(App\Controllers\Siakad))
 4 SYSTEMPATH\CodeIgniter.php(368): CodeIgniter\CodeIgniter->handleRequest(null, Object(Config\Cache), false)
 5 FCPATH\index.php(67): CodeIgniter\CodeIgniter->run()
INFO - 2023-04-04 01:56:25 --> Session: Class initialized using 'CodeIgniter\Session\Handlers\FileHandler' driver.
INFO - 2023-04-04 01:56:32 --> Session: Class initialized using 'CodeIgniter\Session\Handlers\FileHandler' driver.
INFO - 2023-04-04 01:57:02 --> Session: Class initialized using 'CodeIgniter\Session\Handlers\FileHandler' driver.
INFO - 2023-04-04 01:57:16 --> Session: Class initialized using 'CodeIgniter\Session\Handlers\FileHandler' driver.
INFO - 2023-04-04 07:00:07 --> Session: Class initialized using 'CodeIgniter\Session\Handlers\FileHandler' driver.
INFO - 2023-04-04 07:00:09 --> Session: Class initialized using 'CodeIgniter\Session\Handlers\FileHandler' driver.
CRITICAL - 2023-04-04 07:00:11 --> Class "Mpdf\Mpdf" not found
in APPPATH\Controllers\suu.php on line 18.
 1 SYSTEMPATH\CodeIgniter.php(934): App\Controllers\suu->kepdf()
 2 SYSTEMPATH\CodeIgniter.php(499): CodeIgniter\CodeIgniter->runController(Object(App\Controllers\suu))
 3 SYSTEMPATH\CodeIgniter.php(368): CodeIgniter\CodeIgniter->handleRequest(null, Object(Config\Cache), false)
 4 FCPATH\index.php(67): CodeIgniter\CodeIgniter->run()
INFO - 2023-04-04 07:00:30 --> Session: Class initialized using 'CodeIgniter\Session\Handlers\FileHandler' driver.
INFO - 2023-04-04 07:00:30 --> Session: Class initialized using 'CodeIgniter\Session\Handlers\FileHandler' driver.
INFO - 2023-04-04 07:00:47 --> Session: Class initialized using 'CodeIgniter\Session\Handlers\FileHandler' driver.
CRITICAL - 2023-04-04 07:00:48 --> Class "Mpdf\Mpdf" not found
in APPPATH\Controllers\suu.php on line 18.
 1 SYSTEMPATH\CodeIgniter.php(934): App\Controllers\suu->kepdf()
 2 SYSTEMPATH\CodeIgniter.php(499): CodeIgniter\CodeIgniter->runController(Object(App\Controllers\suu))
 3 SYSTEMPATH\CodeIgniter.php(368): CodeIgniter\CodeIgniter->handleRequest(null, Object(Config\Cache), false)
 4 FCPATH\index.php(67): CodeIgniter\CodeIgniter->run()
INFO - 2023-04-04 07:22:25 --> Session: Class initialized using 'CodeIgniter\Session\Handlers\FileHandler' driver.
INFO - 2023-04-04 07:22:27 --> Session: Class initialized using 'CodeIgniter\Session\Handlers\FileHandler' driver.
CRITICAL - 2023-04-04 07:22:28 --> Class "Mpdf\Mpdf" not found
in APPPATH\Controllers\suu.php on line 18.
 1 SYSTEMPATH\CodeIgniter.php(934): App\Controllers\suu->kepdf()
 2 SYSTEMPATH\CodeIgniter.php(499): CodeIgniter\CodeIgniter->runController(Object(App\Controllers\suu))
 3 SYSTEMPATH\CodeIgniter.php(368): CodeIgniter\CodeIgniter->handleRequest(null, Object(Config\Cache), false)
 4 FCPATH\index.php(67): CodeIgniter\CodeIgniter->run()
CRITICAL - 2023-04-04 07:22:33 --> Class "Mpdf\Mpdf" not found
in APPPATH\Controllers\suu.php on line 18.
 1 SYSTEMPATH\CodeIgniter.php(934): App\Controllers\suu->kepdf()
 2 SYSTEMPATH\CodeIgniter.php(499): CodeIgniter\CodeIgniter->runController(Object(App\Controllers\suu))
 3 SYSTEMPATH\CodeIgniter.php(368): CodeIgniter\CodeIgniter->handleRequest(null, Object(Config\Cache), false)
 4 FCPATH\index.php(67): CodeIgniter\CodeIgniter->run()
CRITICAL - 2023-04-04 07:22:34 --> Class "Mpdf\Mpdf" not found
in APPPATH\Controllers\suu.php on line 18.
 1 SYSTEMPATH\CodeIgniter.php(934): App\Controllers\suu->kepdf()
 2 SYSTEMPATH\CodeIgniter.php(499): CodeIgniter\CodeIgniter->runController(Object(App\Controllers\suu))
 3 SYSTEMPATH\CodeIgniter.php(368): CodeIgniter\CodeIgniter->handleRequest(null, Object(Config\Cache), false)
 4 FCPATH\index.php(67): CodeIgniter\CodeIgniter->run()
CRITICAL - 2023-04-04 07:22:34 --> Class "Mpdf\Mpdf" not found
in APPPATH\Controllers\suu.php on line 18.
 1 SYSTEMPATH\CodeIgniter.php(934): App\Controllers\suu->kepdf()
 2 SYSTEMPATH\CodeIgniter.php(499): CodeIgniter\CodeIgniter->runController(Object(App\Controllers\suu))
 3 SYSTEMPATH\CodeIgniter.php(368): CodeIgniter\CodeIgniter->handleRequest(null, Object(Config\Cache), false)
 4 FCPATH\index.php(67): CodeIgniter\CodeIgniter->run()
CRITICAL - 2023-04-04 07:22:34 --> Class "Mpdf\Mpdf" not found
in APPPATH\Controllers\suu.php on line 18.
 1 SYSTEMPATH\CodeIgniter.php(934): App\Controllers\suu->kepdf()
 2 SYSTEMPATH\CodeIgniter.php(499): CodeIgniter\CodeIgniter->runController(Object(App\Controllers\suu))
 3 SYSTEMPATH\CodeIgniter.php(368): CodeIgniter\CodeIgniter->handleRequest(null, Object(Config\Cache), false)
 4 FCPATH\index.php(67): CodeIgniter\CodeIgniter->run()
INFO - 2023-04-04 07:22:35 --> Session: Class initialized using 'CodeIgniter\Session\Handlers\FileHandler' driver.
INFO - 2023-04-04 07:22:39 --> Session: Class initialized using 'CodeIgniter\Session\Handlers\FileHandler' driver.
CRITICAL - 2023-04-04 07:22:41 --> Class "Mpdf\Mpdf" not found
in APPPATH\Controllers\suu.php on line 18.
 1 SYSTEMPATH\CodeIgniter.php(934): App\Controllers\suu->kepdf()
 2 SYSTEMPATH\CodeIgniter.php(499): CodeIgniter\CodeIgniter->runController(Object(App\Controllers\suu))
 3 SYSTEMPATH\CodeIgniter.php(368): CodeIgniter\CodeIgniter->handleRequest(null, Object(Config\Cache), false)
 4 FCPATH\index.php(67): CodeIgniter\CodeIgniter->run()
CRITICAL - 2023-04-04 07:24:42 --> Class "Mpdf\Mpdf\Mpdf" not found
in APPPATH\Controllers\suu.php on line 18.
 1 SYSTEMPATH\CodeIgniter.php(934): App\Controllers\suu->kepdf()
 2 SYSTEMPATH\CodeIgniter.php(499): CodeIgniter\CodeIgniter->runController(Object(App\Controllers\suu))
 3 SYSTEMPATH\CodeIgniter.php(368): CodeIgniter\CodeIgniter->handleRequest(null, Object(Config\Cache), false)
 4 FCPATH\index.php(67): CodeIgniter\CodeIgniter->run()
CRITICAL - 2023-04-04 07:24:43 --> Class "Mpdf\Mpdf\Mpdf" not found
in APPPATH\Controllers\suu.php on line 18.
 1 SYSTEMPATH\CodeIgniter.php(934): App\Controllers\suu->kepdf()
 2 SYSTEMPATH\CodeIgniter.php(499): CodeIgniter\CodeIgniter->runController(Object(App\Controllers\suu))
 3 SYSTEMPATH\CodeIgniter.php(368): CodeIgniter\CodeIgniter->handleRequest(null, Object(Config\Cache), false)
 4 FCPATH\index.php(67): CodeIgniter\CodeIgniter->run()
CRITICAL - 2023-04-04 07:24:43 --> Class "Mpdf\Mpdf\Mpdf" not found
in APPPATH\Controllers\suu.php on line 18.
 1 SYSTEMPATH\CodeIgniter.php(934): App\Controllers\suu->kepdf()
 2 SYSTEMPATH\CodeIgniter.php(499): CodeIgniter\CodeIgniter->runController(Object(App\Controllers\suu))
 3 SYSTEMPATH\CodeIgniter.php(368): CodeIgniter\CodeIgniter->handleRequest(null, Object(Config\Cache), false)
 4 FCPATH\index.php(67): CodeIgniter\CodeIgniter->run()
CRITICAL - 2023-04-04 07:24:43 --> Class "Mpdf\Mpdf\Mpdf" not found
in APPPATH\Controllers\suu.php on line 18.
 1 SYSTEMPATH\CodeIgniter.php(934): App\Controllers\suu->kepdf()
 2 SYSTEMPATH\CodeIgniter.php(499): CodeIgniter\CodeIgniter->runController(Object(App\Controllers\suu))
 3 SYSTEMPATH\CodeIgniter.php(368): CodeIgniter\CodeIgniter->handleRequest(null, Object(Config\Cache), false)
 4 FCPATH\index.php(67): CodeIgniter\CodeIgniter->run()
CRITICAL - 2023-04-04 07:24:44 --> Class "Mpdf\Mpdf\Mpdf" not found
in APPPATH\Controllers\suu.php on line 18.
 1 SYSTEMPATH\CodeIgniter.php(934): App\Controllers\suu->kepdf()
 2 SYSTEMPATH\CodeIgniter.php(499): CodeIgniter\CodeIgniter->runController(Object(App\Controllers\suu))
 3 SYSTEMPATH\CodeIgniter.php(368): CodeIgniter\CodeIgniter->handleRequest(null, Object(Config\Cache), false)
 4 FCPATH\index.php(67): CodeIgniter\CodeIgniter->run()
CRITICAL - 2023-04-04 07:24:44 --> Class "Mpdf\Mpdf\Mpdf" not found
in APPPATH\Controllers\suu.php on line 18.
 1 SYSTEMPATH\CodeIgniter.php(934): App\Controllers\suu->kepdf()
 2 SYSTEMPATH\CodeIgniter.php(499): CodeIgniter\CodeIgniter->runController(Object(App\Controllers\suu))
 3 SYSTEMPATH\CodeIgniter.php(368): CodeIgniter\CodeIgniter->handleRequest(null, Object(Config\Cache), false)
 4 FCPATH\index.php(67): CodeIgniter\CodeIgniter->run()
CRITICAL - 2023-04-04 07:24:44 --> Class "Mpdf\Mpdf\Mpdf" not found
in APPPATH\Controllers\suu.php on line 18.
 1 SYSTEMPATH\CodeIgniter.php(934): App\Controllers\suu->kepdf()
 2 SYSTEMPATH\CodeIgniter.php(499): CodeIgniter\CodeIgniter->runController(Object(App\Controllers\suu))
 3 SYSTEMPATH\CodeIgniter.php(368): CodeIgniter\CodeIgniter->handleRequest(null, Object(Config\Cache), false)
 4 FCPATH\index.php(67): CodeIgniter\CodeIgniter->run()
CRITICAL - 2023-04-04 07:24:52 --> Class "Mpdf\Mpdf" not found
in APPPATH\Controllers\suu.php on line 18.
 1 SYSTEMPATH\CodeIgniter.php(934): App\Controllers\suu->kepdf()
 2 SYSTEMPATH\CodeIgniter.php(499): CodeIgniter\CodeIgniter->runController(Object(App\Controllers\suu))
 3 SYSTEMPATH\CodeIgniter.php(368): CodeIgniter\CodeIgniter->handleRequest(null, Object(Config\Cache), false)
 4 FCPATH\index.php(67): CodeIgniter\CodeIgniter->run()
INFO - 2023-04-04 07:26:18 --> Session: Class initialized using 'CodeIgniter\Session\Handlers\FileHandler' driver.
INFO - 2023-04-04 07:26:19 --> Session: Class initialized using 'CodeIgniter\Session\Handlers\FileHandler' driver.
CRITICAL - 2023-04-04 07:26:21 --> Class "Mpdf\Mpdf" not found
in APPPATH\Controllers\suu.php on line 18.
 1 SYSTEMPATH\CodeIgniter.php(934): App\Controllers\suu->kepdf()
 2 SYSTEMPATH\CodeIgniter.php(499): CodeIgniter\CodeIgniter->runController(Object(App\Controllers\suu))
 3 SYSTEMPATH\CodeIgniter.php(368): CodeIgniter\CodeIgniter->handleRequest(null, Object(Config\Cache), false)
 4 FCPATH\index.php(67): CodeIgniter\CodeIgniter->run()
CRITICAL - 2023-04-04 07:26:38 --> Class "Mpdf\Mpdf" not found
in APPPATH\Controllers\suu.php on line 18.
 1 SYSTEMPATH\CodeIgniter.php(934): App\Controllers\suu->kepdf()
 2 SYSTEMPATH\CodeIgniter.php(499): CodeIgniter\CodeIgniter->runController(Object(App\Controllers\suu))
 3 SYSTEMPATH\CodeIgniter.php(368): CodeIgniter\CodeIgniter->handleRequest(null, Object(Config\Cache), false)
 4 FCPATH\index.php(67): CodeIgniter\CodeIgniter->run()
CRITICAL - 2023-04-04 07:26:38 --> Class "Mpdf\Mpdf" not found
in APPPATH\Controllers\suu.php on line 18.
 1 SYSTEMPATH\CodeIgniter.php(934): App\Controllers\suu->kepdf()
 2 SYSTEMPATH\CodeIgniter.php(499): CodeIgniter\CodeIgniter->runController(Object(App\Controllers\suu))
 3 SYSTEMPATH\CodeIgniter.php(368): CodeIgniter\CodeIgniter->handleRequest(null, Object(Config\Cache), false)
 4 FCPATH\index.php(67): CodeIgniter\CodeIgniter->run()
CRITICAL - 2023-04-04 07:26:38 --> Class "Mpdf\Mpdf" not found
in APPPATH\Controllers\suu.php on line 18.
 1 SYSTEMPATH\CodeIgniter.php(934): App\Controllers\suu->kepdf()
 2 SYSTEMPATH\CodeIgniter.php(499): CodeIgniter\CodeIgniter->runController(Object(App\Controllers\suu))
 3 SYSTEMPATH\CodeIgniter.php(368): CodeIgniter\CodeIgniter->handleRequest(null, Object(Config\Cache), false)
 4 FCPATH\index.php(67): CodeIgniter\CodeIgniter->run()
CRITICAL - 2023-04-04 07:26:38 --> Class "Mpdf\Mpdf" not found
in APPPATH\Controllers\suu.php on line 18.
 1 SYSTEMPATH\CodeIgniter.php(934): App\Controllers\suu->kepdf()
 2 SYSTEMPATH\CodeIgniter.php(499): CodeIgniter\CodeIgniter->runController(Object(App\Controllers\suu))
 3 SYSTEMPATH\CodeIgniter.php(368): CodeIgniter\CodeIgniter->handleRequest(null, Object(Config\Cache), false)
 4 FCPATH\index.php(67): CodeIgniter\CodeIgniter->run()
CRITICAL - 2023-04-04 07:26:39 --> Class "Mpdf\Mpdf" not found
in APPPATH\Controllers\suu.php on line 18.
 1 SYSTEMPATH\CodeIgniter.php(934): App\Controllers\suu->kepdf()
 2 SYSTEMPATH\CodeIgniter.php(499): CodeIgniter\CodeIgniter->runController(Object(App\Controllers\suu))
 3 SYSTEMPATH\CodeIgniter.php(368): CodeIgniter\CodeIgniter->handleRequest(null, Object(Config\Cache), false)
 4 FCPATH\index.php(67): CodeIgniter\CodeIgniter->run()
CRITICAL - 2023-04-04 07:26:39 --> Class "Mpdf\Mpdf" not found
in APPPATH\Controllers\suu.php on line 18.
 1 SYSTEMPATH\CodeIgniter.php(934): App\Controllers\suu->kepdf()
 2 SYSTEMPATH\CodeIgniter.php(499): CodeIgniter\CodeIgniter->runController(Object(App\Controllers\suu))
 3 SYSTEMPATH\CodeIgniter.php(368): CodeIgniter\CodeIgniter->handleRequest(null, Object(Config\Cache), false)
 4 FCPATH\index.php(67): CodeIgniter\CodeIgniter->run()
CRITICAL - 2023-04-04 07:26:39 --> Class "Mpdf\Mpdf" not found
in APPPATH\Controllers\suu.php on line 18.
 1 SYSTEMPATH\CodeIgniter.php(934): App\Controllers\suu->kepdf()
 2 SYSTEMPATH\CodeIgniter.php(499): CodeIgniter\CodeIgniter->runController(Object(App\Controllers\suu))
 3 SYSTEMPATH\CodeIgniter.php(368): CodeIgniter\CodeIgniter->handleRequest(null, Object(Config\Cache), false)
 4 FCPATH\index.php(67): CodeIgniter\CodeIgniter->run()
CRITICAL - 2023-04-04 07:26:39 --> Class "Mpdf\Mpdf" not found
in APPPATH\Controllers\suu.php on line 18.
 1 SYSTEMPATH\CodeIgniter.php(934): App\Controllers\suu->kepdf()
 2 SYSTEMPATH\CodeIgniter.php(499): CodeIgniter\CodeIgniter->runController(Object(App\Controllers\suu))
 3 SYSTEMPATH\CodeIgniter.php(368): CodeIgniter\CodeIgniter->handleRequest(null, Object(Config\Cache), false)
 4 FCPATH\index.php(67): CodeIgniter\CodeIgniter->run()
CRITICAL - 2023-04-04 07:26:39 --> Class "Mpdf\Mpdf" not found
in APPPATH\Controllers\suu.php on line 18.
 1 SYSTEMPATH\CodeIgniter.php(934): App\Controllers\suu->kepdf()
 2 SYSTEMPATH\CodeIgniter.php(499): CodeIgniter\CodeIgniter->runController(Object(App\Controllers\suu))
 3 SYSTEMPATH\CodeIgniter.php(368): CodeIgniter\CodeIgniter->handleRequest(null, Object(Config\Cache), false)
 4 FCPATH\index.php(67): CodeIgniter\CodeIgniter->run()
CRITICAL - 2023-04-04 07:26:40 --> Class "Mpdf\Mpdf" not found
in APPPATH\Controllers\suu.php on line 18.
 1 SYSTEMPATH\CodeIgniter.php(934): App\Controllers\suu->kepdf()
 2 SYSTEMPATH\CodeIgniter.php(499): CodeIgniter\CodeIgniter->runController(Object(App\Controllers\suu))
 3 SYSTEMPATH\CodeIgniter.php(368): CodeIgniter\CodeIgniter->handleRequest(null, Object(Config\Cache), false)
 4 FCPATH\index.php(67): CodeIgniter\CodeIgniter->run()
CRITICAL - 2023-04-04 07:26:40 --> Class "Mpdf\Mpdf" not found
in APPPATH\Controllers\suu.php on line 18.
 1 SYSTEMPATH\CodeIgniter.php(934): App\Controllers\suu->kepdf()
 2 SYSTEMPATH\CodeIgniter.php(499): CodeIgniter\CodeIgniter->runController(Object(App\Controllers\suu))
 3 SYSTEMPATH\CodeIgniter.php(368): CodeIgniter\CodeIgniter->handleRequest(null, Object(Config\Cache), false)
 4 FCPATH\index.php(67): CodeIgniter\CodeIgniter->run()
CRITICAL - 2023-04-04 07:26:40 --> Class "Mpdf\Mpdf" not found
in APPPATH\Controllers\suu.php on line 18.
 1 SYSTEMPATH\CodeIgniter.php(934): App\Controllers\suu->kepdf()
 2 SYSTEMPATH\CodeIgniter.php(499): CodeIgniter\CodeIgniter->runController(Object(App\Controllers\suu))
 3 SYSTEMPATH\CodeIgniter.php(368): CodeIgniter\CodeIgniter->handleRequest(null, Object(Config\Cache), false)
 4 FCPATH\index.php(67): CodeIgniter\CodeIgniter->run()
CRITICAL - 2023-04-04 07:26:41 --> Class "Mpdf\Mpdf" not found
in APPPATH\Controllers\suu.php on line 18.
 1 SYSTEMPATH\CodeIgniter.php(934): App\Controllers\suu->kepdf()
 2 SYSTEMPATH\CodeIgniter.php(499): CodeIgniter\CodeIgniter->runController(Object(App\Controllers\suu))
 3 SYSTEMPATH\CodeIgniter.php(368): CodeIgniter\CodeIgniter->handleRequest(null, Object(Config\Cache), false)
 4 FCPATH\index.php(67): CodeIgniter\CodeIgniter->run()
CRITICAL - 2023-04-04 07:26:41 --> Class "Mpdf\Mpdf" not found
in APPPATH\Controllers\suu.php on line 18.
 1 SYSTEMPATH\CodeIgniter.php(934): App\Controllers\suu->kepdf()
 2 SYSTEMPATH\CodeIgniter.php(499): CodeIgniter\CodeIgniter->runController(Object(App\Controllers\suu))
 3 SYSTEMPATH\CodeIgniter.php(368): CodeIgniter\CodeIgniter->handleRequest(null, Object(Config\Cache), false)
 4 FCPATH\index.php(67): CodeIgniter\CodeIgniter->run()
CRITICAL - 2023-04-04 07:26:41 --> Class "Mpdf\Mpdf" not found
in APPPATH\Controllers\suu.php on line 18.
 1 SYSTEMPATH\CodeIgniter.php(934): App\Controllers\suu->kepdf()
 2 SYSTEMPATH\CodeIgniter.php(499): CodeIgniter\CodeIgniter->runController(Object(App\Controllers\suu))
 3 SYSTEMPATH\CodeIgniter.php(368): CodeIgniter\CodeIgniter->handleRequest(null, Object(Config\Cache), false)
 4 FCPATH\index.php(67): CodeIgniter\CodeIgniter->run()
INFO - 2023-04-04 07:28:11 --> Session: Class initialized using 'CodeIgniter\Session\Handlers\FileHandler' driver.
INFO - 2023-04-04 07:28:13 --> Session: Class initialized using 'CodeIgniter\Session\Handlers\FileHandler' driver.
INFO - 2023-04-04 07:29:21 --> Session: Class initialized using 'CodeIgniter\Session\Handlers\FileHandler' driver.
INFO - 2023-04-04 07:29:22 --> Session: Class initialized using 'CodeIgniter\Session\Handlers\FileHandler' driver.
CRITICAL - 2023-04-04 07:29:23 --> Class "Mpdf\Mpdf" not found
in APPPATH\Controllers\Asuu.php on line 12.
 1 SYSTEMPATH\CodeIgniter.php(934): App\Controllers\Asuu->kepdf()
 2 SYSTEMPATH\CodeIgniter.php(499): CodeIgniter\CodeIgniter->runController(Object(App\Controllers\Asuu))
 3 SYSTEMPATH\CodeIgniter.php(368): CodeIgniter\CodeIgniter->handleRequest(null, Object(Config\Cache), false)
 4 FCPATH\index.php(67): CodeIgniter\CodeIgniter->run()
INFO - 2023-04-04 07:30:08 --> Session: Class initialized using 'CodeIgniter\Session\Handlers\FileHandler' driver.
INFO - 2023-04-04 07:30:10 --> Session: Class initialized using 'CodeIgniter\Session\Handlers\FileHandler' driver.
CRITICAL - 2023-04-04 07:30:11 --> Class "Mpdf\Mpdf" not found
in APPPATH\Controllers\suu.php on line 18.
 1 SYSTEMPATH\CodeIgniter.php(934): App\Controllers\suu->kepdf()
 2 SYSTEMPATH\CodeIgniter.php(499): CodeIgniter\CodeIgniter->runController(Object(App\Controllers\suu))
 3 SYSTEMPATH\CodeIgniter.php(368): CodeIgniter\CodeIgniter->handleRequest(null, Object(Config\Cache), false)
 4 FCPATH\index.php(67): CodeIgniter\CodeIgniter->run()
INFO - 2023-04-04 07:37:19 --> Session: Class initialized using 'CodeIgniter\Session\Handlers\FileHandler' driver.
INFO - 2023-04-04 07:37:20 --> Session: Class initialized using 'CodeIgniter\Session\Handlers\FileHandler' driver.
INFO - 2023-04-04 07:37:20 --> Session: Class initialized using 'CodeIgniter\Session\Handlers\FileHandler' driver.
CRITICAL - 2023-04-04 07:37:21 --> Class "Mpdf\Mpdf\mPDF" not found
in APPPATH\Controllers\suu.php on line 18.
 1 SYSTEMPATH\CodeIgniter.php(934): App\Controllers\suu->kepdf()
 2 SYSTEMPATH\CodeIgniter.php(499): CodeIgniter\CodeIgniter->runController(Object(App\Controllers\suu))
 3 SYSTEMPATH\CodeIgniter.php(368): CodeIgniter\CodeIgniter->handleRequest(null, Object(Config\Cache), false)
 4 FCPATH\index.php(67): CodeIgniter\CodeIgniter->run()
INFO - 2023-04-04 07:37:50 --> Session: Class initialized using 'CodeIgniter\Session\Handlers\FileHandler' driver.
INFO - 2023-04-04 07:37:51 --> Session: Class initialized using 'CodeIgniter\Session\Handlers\FileHandler' driver.
INFO - 2023-04-04 07:37:51 --> Session: Class initialized using 'CodeIgniter\Session\Handlers\FileHandler' driver.
CRITICAL - 2023-04-04 07:37:52 --> Class "Mpdf\Mpdf" not found
in APPPATH\Controllers\suu.php on line 18.
 1 SYSTEMPATH\CodeIgniter.php(934): App\Controllers\suu->kepdf()
 2 SYSTEMPATH\CodeIgniter.php(499): CodeIgniter\CodeIgniter->runController(Object(App\Controllers\suu))
 3 SYSTEMPATH\CodeIgniter.php(368): CodeIgniter\CodeIgniter->handleRequest(null, Object(Config\Cache), false)
 4 FCPATH\index.php(67): CodeIgniter\CodeIgniter->run()
INFO - 2023-04-04 07:38:09 --> Session: Class initialized using 'CodeIgniter\Session\Handlers\FileHandler' driver.
INFO - 2023-04-04 07:38:10 --> Session: Class initialized using 'CodeIgniter\Session\Handlers\FileHandler' driver.
INFO - 2023-04-04 07:38:10 --> Session: Class initialized using 'CodeIgniter\Session\Handlers\FileHandler' driver.
CRITICAL - 2023-04-04 07:38:11 --> Class "Mpdf\Mpdf" not found
in APPPATH\Controllers\suu.php on line 18.
 1 SYSTEMPATH\CodeIgniter.php(934): App\Controllers\suu->kepdf()
 2 SYSTEMPATH\CodeIgniter.php(499): CodeIgniter\CodeIgniter->runController(Object(App\Controllers\suu))
 3 SYSTEMPATH\CodeIgniter.php(368): CodeIgniter\CodeIgniter->handleRequest(null, Object(Config\Cache), false)
 4 FCPATH\index.php(67): CodeIgniter\CodeIgniter->run()
INFO - 2023-04-04 07:38:51 --> Session: Class initialized using 'CodeIgniter\Session\Handlers\FileHandler' driver.
INFO - 2023-04-04 07:38:53 --> Session: Class initialized using 'CodeIgniter\Session\Handlers\FileHandler' driver.
INFO - 2023-04-04 07:38:54 --> Session: Class initialized using 'CodeIgniter\Session\Handlers\FileHandler' driver.
INFO - 2023-04-04 07:38:54 --> Session: Class initialized using 'CodeIgniter\Session\Handlers\FileHandler' driver.
CRITICAL - 2023-04-04 07:38:56 --> Class "Mpdf\Mpdf" not found
in APPPATH\Controllers\suu.php on line 18.
 1 SYSTEMPATH\CodeIgniter.php(934): App\Controllers\suu->kepdf()
 2 SYSTEMPATH\CodeIgniter.php(499): CodeIgniter\CodeIgniter->runController(Object(App\Controllers\suu))
 3 SYSTEMPATH\CodeIgniter.php(368): CodeIgniter\CodeIgniter->handleRequest(null, Object(Config\Cache), false)
 4 FCPATH\index.php(67): CodeIgniter\CodeIgniter->run()
CRITICAL - 2023-04-04 07:45:06 --> Class "mPDF" not found
in APPPATH\Controllers\suu.php on line 18.
 1 SYSTEMPATH\CodeIgniter.php(934): App\Controllers\suu->kepdf()
 2 SYSTEMPATH\CodeIgniter.php(499): CodeIgniter\CodeIgniter->runController(Object(App\Controllers\suu))
 3 SYSTEMPATH\CodeIgniter.php(368): CodeIgniter\CodeIgniter->handleRequest(null, Object(Config\Cache), false)
 4 FCPATH\index.php(67): CodeIgniter\CodeIgniter->run()
CRITICAL - 2023-04-04 07:46:59 --> Class "mPDF" not found
in APPPATH\Controllers\suu.php on line 18.
 1 SYSTEMPATH\CodeIgniter.php(934): App\Controllers\suu->kepdf()
 2 SYSTEMPATH\CodeIgniter.php(499): CodeIgniter\CodeIgniter->runController(Object(App\Controllers\suu))
 3 SYSTEMPATH\CodeIgniter.php(368): CodeIgniter\CodeIgniter->handleRequest(null, Object(Config\Cache), false)
 4 FCPATH\index.php(67): CodeIgniter\CodeIgniter->run()
CRITICAL - 2023-04-04 07:47:00 --> Class "mPDF" not found
in APPPATH\Controllers\suu.php on line 18.
 1 SYSTEMPATH\CodeIgniter.php(934): App\Controllers\suu->kepdf()
 2 SYSTEMPATH\CodeIgniter.php(499): CodeIgniter\CodeIgniter->runController(Object(App\Controllers\suu))
 3 SYSTEMPATH\CodeIgniter.php(368): CodeIgniter\CodeIgniter->handleRequest(null, Object(Config\Cache), false)
 4 FCPATH\index.php(67): CodeIgniter\CodeIgniter->run()
CRITICAL - 2023-04-04 07:47:00 --> Class "mPDF" not found
in APPPATH\Controllers\suu.php on line 18.
 1 SYSTEMPATH\CodeIgniter.php(934): App\Controllers\suu->kepdf()
 2 SYSTEMPATH\CodeIgniter.php(499): CodeIgniter\CodeIgniter->runController(Object(App\Controllers\suu))
 3 SYSTEMPATH\CodeIgniter.php(368): CodeIgniter\CodeIgniter->handleRequest(null, Object(Config\Cache), false)
 4 FCPATH\index.php(67): CodeIgniter\CodeIgniter->run()
CRITICAL - 2023-04-04 07:47:00 --> Class "mPDF" not found
in APPPATH\Controllers\suu.php on line 18.
 1 SYSTEMPATH\CodeIgniter.php(934): App\Controllers\suu->kepdf()
 2 SYSTEMPATH\CodeIgniter.php(499): CodeIgniter\CodeIgniter->runController(Object(App\Controllers\suu))
 3 SYSTEMPATH\CodeIgniter.php(368): CodeIgniter\CodeIgniter->handleRequest(null, Object(Config\Cache), false)
 4 FCPATH\index.php(67): CodeIgniter\CodeIgniter->run()
CRITICAL - 2023-04-04 07:47:01 --> Class "mPDF" not found
in APPPATH\Controllers\suu.php on line 18.
 1 SYSTEMPATH\CodeIgniter.php(934): App\Controllers\suu->kepdf()
 2 SYSTEMPATH\CodeIgniter.php(499): CodeIgniter\CodeIgniter->runController(Object(App\Controllers\suu))
 3 SYSTEMPATH\CodeIgniter.php(368): CodeIgniter\CodeIgniter->handleRequest(null, Object(Config\Cache), false)
 4 FCPATH\index.php(67): CodeIgniter\CodeIgniter->run()
CRITICAL - 2023-04-04 07:47:01 --> Class "mPDF" not found
in APPPATH\Controllers\suu.php on line 18.
 1 SYSTEMPATH\CodeIgniter.php(934): App\Controllers\suu->kepdf()
 2 SYSTEMPATH\CodeIgniter.php(499): CodeIgniter\CodeIgniter->runController(Object(App\Controllers\suu))
 3 SYSTEMPATH\CodeIgniter.php(368): CodeIgniter\CodeIgniter->handleRequest(null, Object(Config\Cache), false)
 4 FCPATH\index.php(67): CodeIgniter\CodeIgniter->run()
CRITICAL - 2023-04-04 07:47:01 --> Class "mPDF" not found
in APPPATH\Controllers\suu.php on line 18.
 1 SYSTEMPATH\CodeIgniter.php(934): App\Controllers\suu->kepdf()
 2 SYSTEMPATH\CodeIgniter.php(499): CodeIgniter\CodeIgniter->runController(Object(App\Controllers\suu))
 3 SYSTEMPATH\CodeIgniter.php(368): CodeIgniter\CodeIgniter->handleRequest(null, Object(Config\Cache), false)
 4 FCPATH\index.php(67): CodeIgniter\CodeIgniter->run()
CRITICAL - 2023-04-04 07:47:33 --> Class "mPDF" not found
in APPPATH\Controllers\suu.php on line 18.
 1 SYSTEMPATH\CodeIgniter.php(934): App\Controllers\suu->kepdf()
 2 SYSTEMPATH\CodeIgniter.php(499): CodeIgniter\CodeIgniter->runController(Object(App\Controllers\suu))
 3 SYSTEMPATH\CodeIgniter.php(368): CodeIgniter\CodeIgniter->handleRequest(null, Object(Config\Cache), false)
 4 FCPATH\index.php(67): CodeIgniter\CodeIgniter->run()
CRITICAL - 2023-04-04 07:47:33 --> Class "mPDF" not found
in APPPATH\Controllers\suu.php on line 18.
 1 SYSTEMPATH\CodeIgniter.php(934): App\Controllers\suu->kepdf()
 2 SYSTEMPATH\CodeIgniter.php(499): CodeIgniter\CodeIgniter->runController(Object(App\Controllers\suu))
 3 SYSTEMPATH\CodeIgniter.php(368): CodeIgniter\CodeIgniter->handleRequest(null, Object(Config\Cache), false)
 4 FCPATH\index.php(67): CodeIgniter\CodeIgniter->run()
CRITICAL - 2023-04-04 07:47:34 --> Class "mPDF" not found
in APPPATH\Controllers\suu.php on line 18.
 1 SYSTEMPATH\CodeIgniter.php(934): App\Controllers\suu->kepdf()
 2 SYSTEMPATH\CodeIgniter.php(499): CodeIgniter\CodeIgniter->runController(Object(App\Controllers\suu))
 3 SYSTEMPATH\CodeIgniter.php(368): CodeIgniter\CodeIgniter->handleRequest(null, Object(Config\Cache), false)
 4 FCPATH\index.php(67): CodeIgniter\CodeIgniter->run()
CRITICAL - 2023-04-04 07:47:34 --> Class "mPDF" not found
in APPPATH\Controllers\suu.php on line 18.
 1 SYSTEMPATH\CodeIgniter.php(934): App\Controllers\suu->kepdf()
 2 SYSTEMPATH\CodeIgniter.php(499): CodeIgniter\CodeIgniter->runController(Object(App\Controllers\suu))
 3 SYSTEMPATH\CodeIgniter.php(368): CodeIgniter\CodeIgniter->handleRequest(null, Object(Config\Cache), false)
 4 FCPATH\index.php(67): CodeIgniter\CodeIgniter->run()
CRITICAL - 2023-04-04 07:47:34 --> Class "mPDF" not found
in APPPATH\Controllers\suu.php on line 18.
 1 SYSTEMPATH\CodeIgniter.php(934): App\Controllers\suu->kepdf()
 2 SYSTEMPATH\CodeIgniter.php(499): CodeIgniter\CodeIgniter->runController(Object(App\Controllers\suu))
 3 SYSTEMPATH\CodeIgniter.php(368): CodeIgniter\CodeIgniter->handleRequest(null, Object(Config\Cache), false)
 4 FCPATH\index.php(67): CodeIgniter\CodeIgniter->run()
CRITICAL - 2023-04-04 07:47:34 --> Class "mPDF" not found
in APPPATH\Controllers\suu.php on line 18.
 1 SYSTEMPATH\CodeIgniter.php(934): App\Controllers\suu->kepdf()
 2 SYSTEMPATH\CodeIgniter.php(499): CodeIgniter\CodeIgniter->runController(Object(App\Controllers\suu))
 3 SYSTEMPATH\CodeIgniter.php(368): CodeIgniter\CodeIgniter->handleRequest(null, Object(Config\Cache), false)
 4 FCPATH\index.php(67): CodeIgniter\CodeIgniter->run()
CRITICAL - 2023-04-04 07:48:14 --> Class "mPDF\mPDF" not found
in APPPATH\Controllers\suu.php on line 18.
 1 SYSTEMPATH\CodeIgniter.php(934): App\Controllers\suu->kepdf()
 2 SYSTEMPATH\CodeIgniter.php(499): CodeIgniter\CodeIgniter->runController(Object(App\Controllers\suu))
 3 SYSTEMPATH\CodeIgniter.php(368): CodeIgniter\CodeIgniter->handleRequest(null, Object(Config\Cache), false)
 4 FCPATH\index.php(67): CodeIgniter\CodeIgniter->run()
CRITICAL - 2023-04-04 07:48:15 --> Class "mPDF\mPDF" not found
in APPPATH\Controllers\suu.php on line 18.
 1 SYSTEMPATH\CodeIgniter.php(934): App\Controllers\suu->kepdf()
 2 SYSTEMPATH\CodeIgniter.php(499): CodeIgniter\CodeIgniter->runController(Object(App\Controllers\suu))
 3 SYSTEMPATH\CodeIgniter.php(368): CodeIgniter\CodeIgniter->handleRequest(null, Object(Config\Cache), false)
 4 FCPATH\index.php(67): CodeIgniter\CodeIgniter->run()
CRITICAL - 2023-04-04 07:48:15 --> Class "mPDF\mPDF" not found
in APPPATH\Controllers\suu.php on line 18.
 1 SYSTEMPATH\CodeIgniter.php(934): App\Controllers\suu->kepdf()
 2 SYSTEMPATH\CodeIgniter.php(499): CodeIgniter\CodeIgniter->runController(Object(App\Controllers\suu))
 3 SYSTEMPATH\CodeIgniter.php(368): CodeIgniter\CodeIgniter->handleRequest(null, Object(Config\Cache), false)
 4 FCPATH\index.php(67): CodeIgniter\CodeIgniter->run()
CRITICAL - 2023-04-04 07:48:15 --> Class "mPDF\mPDF" not found
in APPPATH\Controllers\suu.php on line 18.
 1 SYSTEMPATH\CodeIgniter.php(934): App\Controllers\suu->kepdf()
 2 SYSTEMPATH\CodeIgniter.php(499): CodeIgniter\CodeIgniter->runController(Object(App\Controllers\suu))
 3 SYSTEMPATH\CodeIgniter.php(368): CodeIgniter\CodeIgniter->handleRequest(null, Object(Config\Cache), false)
 4 FCPATH\index.php(67): CodeIgniter\CodeIgniter->run()
CRITICAL - 2023-04-04 07:48:16 --> Class "mPDF\mPDF" not found
in APPPATH\Controllers\suu.php on line 18.
 1 SYSTEMPATH\CodeIgniter.php(934): App\Controllers\suu->kepdf()
 2 SYSTEMPATH\CodeIgniter.php(499): CodeIgniter\CodeIgniter->runController(Object(App\Controllers\suu))
 3 SYSTEMPATH\CodeIgniter.php(368): CodeIgniter\CodeIgniter->handleRequest(null, Object(Config\Cache), false)
 4 FCPATH\index.php(67): CodeIgniter\CodeIgniter->run()
CRITICAL - 2023-04-04 07:48:16 --> Class "mPDF\mPDF" not found
in APPPATH\Controllers\suu.php on line 18.
 1 SYSTEMPATH\CodeIgniter.php(934): App\Controllers\suu->kepdf()
 2 SYSTEMPATH\CodeIgniter.php(499): CodeIgniter\CodeIgniter->runController(Object(App\Controllers\suu))
 3 SYSTEMPATH\CodeIgniter.php(368): CodeIgniter\CodeIgniter->handleRequest(null, Object(Config\Cache), false)
 4 FCPATH\index.php(67): CodeIgniter\CodeIgniter->run()
CRITICAL - 2023-04-04 07:48:16 --> Class "mPDF\mPDF" not found
in APPPATH\Controllers\suu.php on line 18.
 1 SYSTEMPATH\CodeIgniter.php(934): App\Controllers\suu->kepdf()
 2 SYSTEMPATH\CodeIgniter.php(499): CodeIgniter\CodeIgniter->runController(Object(App\Controllers\suu))
 3 SYSTEMPATH\CodeIgniter.php(368): CodeIgniter\CodeIgniter->handleRequest(null, Object(Config\Cache), false)
 4 FCPATH\index.php(67): CodeIgniter\CodeIgniter->run()
CRITICAL - 2023-04-04 07:48:17 --> Class "mPDF\mPDF" not found
in APPPATH\Controllers\suu.php on line 18.
 1 SYSTEMPATH\CodeIgniter.php(934): App\Controllers\suu->kepdf()
 2 SYSTEMPATH\CodeIgniter.php(499): CodeIgniter\CodeIgniter->runController(Object(App\Controllers\suu))
 3 SYSTEMPATH\CodeIgniter.php(368): CodeIgniter\CodeIgniter->handleRequest(null, Object(Config\Cache), false)
 4 FCPATH\index.php(67): CodeIgniter\CodeIgniter->run()
CRITICAL - 2023-04-04 07:48:17 --> Class "mPDF\mPDF" not found
in APPPATH\Controllers\suu.php on line 18.
 1 SYSTEMPATH\CodeIgniter.php(934): App\Controllers\suu->kepdf()
 2 SYSTEMPATH\CodeIgniter.php(499): CodeIgniter\CodeIgniter->runController(Object(App\Controllers\suu))
 3 SYSTEMPATH\CodeIgniter.php(368): CodeIgniter\CodeIgniter->handleRequest(null, Object(Config\Cache), false)
 4 FCPATH\index.php(67): CodeIgniter\CodeIgniter->run()
CRITICAL - 2023-04-04 07:48:17 --> Class "mPDF\mPDF" not found
in APPPATH\Controllers\suu.php on line 18.
 1 SYSTEMPATH\CodeIgniter.php(934): App\Controllers\suu->kepdf()
 2 SYSTEMPATH\CodeIgniter.php(499): CodeIgniter\CodeIgniter->runController(Object(App\Controllers\suu))
 3 SYSTEMPATH\CodeIgniter.php(368): CodeIgniter\CodeIgniter->handleRequest(null, Object(Config\Cache), false)
 4 FCPATH\index.php(67): CodeIgniter\CodeIgniter->run()
CRITICAL - 2023-04-04 07:48:17 --> Class "mPDF\mPDF" not found
in APPPATH\Controllers\suu.php on line 18.
 1 SYSTEMPATH\CodeIgniter.php(934): App\Controllers\suu->kepdf()
 2 SYSTEMPATH\CodeIgniter.php(499): CodeIgniter\CodeIgniter->runController(Object(App\Controllers\suu))
 3 SYSTEMPATH\CodeIgniter.php(368): CodeIgniter\CodeIgniter->handleRequest(null, Object(Config\Cache), false)
 4 FCPATH\index.php(67): CodeIgniter\CodeIgniter->run()
CRITICAL - 2023-04-04 07:48:18 --> Class "mPDF\mPDF" not found
in APPPATH\Controllers\suu.php on line 18.
 1 SYSTEMPATH\CodeIgniter.php(934): App\Controllers\suu->kepdf()
 2 SYSTEMPATH\CodeIgniter.php(499): CodeIgniter\CodeIgniter->runController(Object(App\Controllers\suu))
 3 SYSTEMPATH\CodeIgniter.php(368): CodeIgniter\CodeIgniter->handleRequest(null, Object(Config\Cache), false)
 4 FCPATH\index.php(67): CodeIgniter\CodeIgniter->run()
CRITICAL - 2023-04-04 07:48:18 --> Class "mPDF\mPDF" not found
in APPPATH\Controllers\suu.php on line 18.
 1 SYSTEMPATH\CodeIgniter.php(934): App\Controllers\suu->kepdf()
 2 SYSTEMPATH\CodeIgniter.php(499): CodeIgniter\CodeIgniter->runController(Object(App\Controllers\suu))
 3 SYSTEMPATH\CodeIgniter.php(368): CodeIgniter\CodeIgniter->handleRequest(null, Object(Config\Cache), false)
 4 FCPATH\index.php(67): CodeIgniter\CodeIgniter->run()
CRITICAL - 2023-04-04 07:48:18 --> Class "mPDF\mPDF" not found
in APPPATH\Controllers\suu.php on line 18.
 1 SYSTEMPATH\CodeIgniter.php(934): App\Controllers\suu->kepdf()
 2 SYSTEMPATH\CodeIgniter.php(499): CodeIgniter\CodeIgniter->runController(Object(App\Controllers\suu))
 3 SYSTEMPATH\CodeIgniter.php(368): CodeIgniter\CodeIgniter->handleRequest(null, Object(Config\Cache), false)
 4 FCPATH\index.php(67): CodeIgniter\CodeIgniter->run()
CRITICAL - 2023-04-04 07:48:18 --> Class "mPDF\mPDF" not found
in APPPATH\Controllers\suu.php on line 18.
 1 SYSTEMPATH\CodeIgniter.php(934): App\Controllers\suu->kepdf()
 2 SYSTEMPATH\CodeIgniter.php(499): CodeIgniter\CodeIgniter->runController(Object(App\Controllers\suu))
 3 SYSTEMPATH\CodeIgniter.php(368): CodeIgniter\CodeIgniter->handleRequest(null, Object(Config\Cache), false)
 4 FCPATH\index.php(67): CodeIgniter\CodeIgniter->run()
CRITICAL - 2023-04-04 07:48:19 --> Class "mPDF\mPDF" not found
in APPPATH\Controllers\suu.php on line 18.
 1 SYSTEMPATH\CodeIgniter.php(934): App\Controllers\suu->kepdf()
 2 SYSTEMPATH\CodeIgniter.php(499): CodeIgniter\CodeIgniter->runController(Object(App\Controllers\suu))
 3 SYSTEMPATH\CodeIgniter.php(368): CodeIgniter\CodeIgniter->handleRequest(null, Object(Config\Cache), false)
 4 FCPATH\index.php(67): CodeIgniter\CodeIgniter->run()
CRITICAL - 2023-04-04 07:48:19 --> Class "mPDF\mPDF" not found
in APPPATH\Controllers\suu.php on line 18.
 1 SYSTEMPATH\CodeIgniter.php(934): App\Controllers\suu->kepdf()
 2 SYSTEMPATH\CodeIgniter.php(499): CodeIgniter\CodeIgniter->runController(Object(App\Controllers\suu))
 3 SYSTEMPATH\CodeIgniter.php(368): CodeIgniter\CodeIgniter->handleRequest(null, Object(Config\Cache), false)
 4 FCPATH\index.php(67): CodeIgniter\CodeIgniter->run()
CRITICAL - 2023-04-04 07:48:32 --> Class "Mpdf\Mpdf" not found
in APPPATH\Controllers\suu.php on line 18.
 1 SYSTEMPATH\CodeIgniter.php(934): App\Controllers\suu->kepdf()
 2 SYSTEMPATH\CodeIgniter.php(499): CodeIgniter\CodeIgniter->runController(Object(App\Controllers\suu))
 3 SYSTEMPATH\CodeIgniter.php(368): CodeIgniter\CodeIgniter->handleRequest(null, Object(Config\Cache), false)
 4 FCPATH\index.php(67): CodeIgniter\CodeIgniter->run()
CRITICAL - 2023-04-04 07:48:33 --> Class "Mpdf\Mpdf" not found
in APPPATH\Controllers\suu.php on line 18.
 1 SYSTEMPATH\CodeIgniter.php(934): App\Controllers\suu->kepdf()
 2 SYSTEMPATH\CodeIgniter.php(499): CodeIgniter\CodeIgniter->runController(Object(App\Controllers\suu))
 3 SYSTEMPATH\CodeIgniter.php(368): CodeIgniter\CodeIgniter->handleRequest(null, Object(Config\Cache), false)
 4 FCPATH\index.php(67): CodeIgniter\CodeIgniter->run()
CRITICAL - 2023-04-04 07:48:33 --> Class "Mpdf\Mpdf" not found
in APPPATH\Controllers\suu.php on line 18.
 1 SYSTEMPATH\CodeIgniter.php(934): App\Controllers\suu->kepdf()
 2 SYSTEMPATH\CodeIgniter.php(499): CodeIgniter\CodeIgniter->runController(Object(App\Controllers\suu))
 3 SYSTEMPATH\CodeIgniter.php(368): CodeIgniter\CodeIgniter->handleRequest(null, Object(Config\Cache), false)
 4 FCPATH\index.php(67): CodeIgniter\CodeIgniter->run()
CRITICAL - 2023-04-04 07:48:33 --> Class "Mpdf\Mpdf" not found
in APPPATH\Controllers\suu.php on line 18.
 1 SYSTEMPATH\CodeIgniter.php(934): App\Controllers\suu->kepdf()
 2 SYSTEMPATH\CodeIgniter.php(499): CodeIgniter\CodeIgniter->runController(Object(App\Controllers\suu))
 3 SYSTEMPATH\CodeIgniter.php(368): CodeIgniter\CodeIgniter->handleRequest(null, Object(Config\Cache), false)
 4 FCPATH\index.php(67): CodeIgniter\CodeIgniter->run()
CRITICAL - 2023-04-04 07:48:33 --> Class "Mpdf\Mpdf" not found
in APPPATH\Controllers\suu.php on line 18.
 1 SYSTEMPATH\CodeIgniter.php(934): App\Controllers\suu->kepdf()
 2 SYSTEMPATH\CodeIgniter.php(499): CodeIgniter\CodeIgniter->runController(Object(App\Controllers\suu))
 3 SYSTEMPATH\CodeIgniter.php(368): CodeIgniter\CodeIgniter->handleRequest(null, Object(Config\Cache), false)
 4 FCPATH\index.php(67): CodeIgniter\CodeIgniter->run()
CRITICAL - 2023-04-04 07:48:34 --> Class "Mpdf\Mpdf" not found
in APPPATH\Controllers\suu.php on line 18.
 1 SYSTEMPATH\CodeIgniter.php(934): App\Controllers\suu->kepdf()
 2 SYSTEMPATH\CodeIgniter.php(499): CodeIgniter\CodeIgniter->runController(Object(App\Controllers\suu))
 3 SYSTEMPATH\CodeIgniter.php(368): CodeIgniter\CodeIgniter->handleRequest(null, Object(Config\Cache), false)
 4 FCPATH\index.php(67): CodeIgniter\CodeIgniter->run()
CRITICAL - 2023-04-04 07:48:34 --> Class "Mpdf\Mpdf" not found
in APPPATH\Controllers\suu.php on line 18.
 1 SYSTEMPATH\CodeIgniter.php(934): App\Controllers\suu->kepdf()
 2 SYSTEMPATH\CodeIgniter.php(499): CodeIgniter\CodeIgniter->runController(Object(App\Controllers\suu))
 3 SYSTEMPATH\CodeIgniter.php(368): CodeIgniter\CodeIgniter->handleRequest(null, Object(Config\Cache), false)
 4 FCPATH\index.php(67): CodeIgniter\CodeIgniter->run()
CRITICAL - 2023-04-04 07:48:34 --> Class "Mpdf\Mpdf" not found
in APPPATH\Controllers\suu.php on line 18.
 1 SYSTEMPATH\CodeIgniter.php(934): App\Controllers\suu->kepdf()
 2 SYSTEMPATH\CodeIgniter.php(499): CodeIgniter\CodeIgniter->runController(Object(App\Controllers\suu))
 3 SYSTEMPATH\CodeIgniter.php(368): CodeIgniter\CodeIgniter->handleRequest(null, Object(Config\Cache), false)
 4 FCPATH\index.php(67): CodeIgniter\CodeIgniter->run()
CRITICAL - 2023-04-04 07:48:34 --> Class "Mpdf\Mpdf" not found
in APPPATH\Controllers\suu.php on line 18.
 1 SYSTEMPATH\CodeIgniter.php(934): App\Controllers\suu->kepdf()
 2 SYSTEMPATH\CodeIgniter.php(499): CodeIgniter\CodeIgniter->runController(Object(App\Controllers\suu))
 3 SYSTEMPATH\CodeIgniter.php(368): CodeIgniter\CodeIgniter->handleRequest(null, Object(Config\Cache), false)
 4 FCPATH\index.php(67): CodeIgniter\CodeIgniter->run()
INFO - 2023-04-04 07:48:36 --> Session: Class initialized using 'CodeIgniter\Session\Handlers\FileHandler' driver.
INFO - 2023-04-04 07:48:40 --> Session: Class initialized using 'CodeIgniter\Session\Handlers\FileHandler' driver.
INFO - 2023-04-04 07:48:40 --> Session: Class initialized using 'CodeIgniter\Session\Handlers\FileHandler' driver.
INFO - 2023-04-04 07:48:41 --> Session: Class initialized using 'CodeIgniter\Session\Handlers\FileHandler' driver.
CRITICAL - 2023-04-04 07:48:42 --> Class "Mpdf\Mpdf" not found
in APPPATH\Controllers\suu.php on line 18.
 1 SYSTEMPATH\CodeIgniter.php(934): App\Controllers\suu->kepdf()
 2 SYSTEMPATH\CodeIgniter.php(499): CodeIgniter\CodeIgniter->runController(Object(App\Controllers\suu))
 3 SYSTEMPATH\CodeIgniter.php(368): CodeIgniter\CodeIgniter->handleRequest(null, Object(Config\Cache), false)
 4 FCPATH\index.php(67): CodeIgniter\CodeIgniter->run()
CRITICAL - 2023-04-04 07:49:49 --> Class "Mpdf\Mpdf" not found
in APPPATH\Controllers\suu.php on line 18.
 1 SYSTEMPATH\CodeIgniter.php(934): App\Controllers\suu->kepdf()
 2 SYSTEMPATH\CodeIgniter.php(499): CodeIgniter\CodeIgniter->runController(Object(App\Controllers\suu))
 3 SYSTEMPATH\CodeIgniter.php(368): CodeIgniter\CodeIgniter->handleRequest(null, Object(Config\Cache), false)
 4 FCPATH\index.php(67): CodeIgniter\CodeIgniter->run()
CRITICAL - 2023-04-04 07:49:50 --> Class "Mpdf\Mpdf" not found
in APPPATH\Controllers\suu.php on line 18.
 1 SYSTEMPATH\CodeIgniter.php(934): App\Controllers\suu->kepdf()
 2 SYSTEMPATH\CodeIgniter.php(499): CodeIgniter\CodeIgniter->runController(Object(App\Controllers\suu))
 3 SYSTEMPATH\CodeIgniter.php(368): CodeIgniter\CodeIgniter->handleRequest(null, Object(Config\Cache), false)
 4 FCPATH\index.php(67): CodeIgniter\CodeIgniter->run()
CRITICAL - 2023-04-04 07:49:50 --> Class "Mpdf\Mpdf" not found
in APPPATH\Controllers\suu.php on line 18.
 1 SYSTEMPATH\CodeIgniter.php(934): App\Controllers\suu->kepdf()
 2 SYSTEMPATH\CodeIgniter.php(499): CodeIgniter\CodeIgniter->runController(Object(App\Controllers\suu))
 3 SYSTEMPATH\CodeIgniter.php(368): CodeIgniter\CodeIgniter->handleRequest(null, Object(Config\Cache), false)
 4 FCPATH\index.php(67): CodeIgniter\CodeIgniter->run()
CRITICAL - 2023-04-04 07:49:50 --> Class "Mpdf\Mpdf" not found
in APPPATH\Controllers\suu.php on line 18.
 1 SYSTEMPATH\CodeIgniter.php(934): App\Controllers\suu->kepdf()
 2 SYSTEMPATH\CodeIgniter.php(499): CodeIgniter\CodeIgniter->runController(Object(App\Controllers\suu))
 3 SYSTEMPATH\CodeIgniter.php(368): CodeIgniter\CodeIgniter->handleRequest(null, Object(Config\Cache), false)
 4 FCPATH\index.php(67): CodeIgniter\CodeIgniter->run()
CRITICAL - 2023-04-04 07:49:51 --> Class "Mpdf\Mpdf" not found
in APPPATH\Controllers\suu.php on line 18.
 1 SYSTEMPATH\CodeIgniter.php(934): App\Controllers\suu->kepdf()
 2 SYSTEMPATH\CodeIgniter.php(499): CodeIgniter\CodeIgniter->runController(Object(App\Controllers\suu))
 3 SYSTEMPATH\CodeIgniter.php(368): CodeIgniter\CodeIgniter->handleRequest(null, Object(Config\Cache), false)
 4 FCPATH\index.php(67): CodeIgniter\CodeIgniter->run()
CRITICAL - 2023-04-04 07:49:51 --> Class "Mpdf\Mpdf" not found
in APPPATH\Controllers\suu.php on line 18.
 1 SYSTEMPATH\CodeIgniter.php(934): App\Controllers\suu->kepdf()
 2 SYSTEMPATH\CodeIgniter.php(499): CodeIgniter\CodeIgniter->runController(Object(App\Controllers\suu))
 3 SYSTEMPATH\CodeIgniter.php(368): CodeIgniter\CodeIgniter->handleRequest(null, Object(Config\Cache), false)
 4 FCPATH\index.php(67): CodeIgniter\CodeIgniter->run()
CRITICAL - 2023-04-04 07:49:51 --> Class "Mpdf\Mpdf" not found
in APPPATH\Controllers\suu.php on line 18.
 1 SYSTEMPATH\CodeIgniter.php(934): App\Controllers\suu->kepdf()
 2 SYSTEMPATH\CodeIgniter.php(499): CodeIgniter\CodeIgniter->runController(Object(App\Controllers\suu))
 3 SYSTEMPATH\CodeIgniter.php(368): CodeIgniter\CodeIgniter->handleRequest(null, Object(Config\Cache), false)
 4 FCPATH\index.php(67): CodeIgniter\CodeIgniter->run()
CRITICAL - 2023-04-04 07:49:52 --> Class "Mpdf\Mpdf" not found
in APPPATH\Controllers\suu.php on line 18.
 1 SYSTEMPATH\CodeIgniter.php(934): App\Controllers\suu->kepdf()
 2 SYSTEMPATH\CodeIgniter.php(499): CodeIgniter\CodeIgniter->runController(Object(App\Controllers\suu))
 3 SYSTEMPATH\CodeIgniter.php(368): CodeIgniter\CodeIgniter->handleRequest(null, Object(Config\Cache), false)
 4 FCPATH\index.php(67): CodeIgniter\CodeIgniter->run()
CRITICAL - 2023-04-04 07:51:27 --> Class "Mpdf\Mpdf" not found
in APPPATH\Controllers\suu.php on line 18.
 1 SYSTEMPATH\CodeIgniter.php(934): App\Controllers\suu->kepdf()
 2 SYSTEMPATH\CodeIgniter.php(499): CodeIgniter\CodeIgniter->runController(Object(App\Controllers\suu))
 3 SYSTEMPATH\CodeIgniter.php(368): CodeIgniter\CodeIgniter->handleRequest(null, Object(Config\Cache), false)
 4 FCPATH\index.php(67): CodeIgniter\CodeIgniter->run()
CRITICAL - 2023-04-04 07:51:27 --> Class "Mpdf\Mpdf" not found
in APPPATH\Controllers\suu.php on line 18.
 1 SYSTEMPATH\CodeIgniter.php(934): App\Controllers\suu->kepdf()
 2 SYSTEMPATH\CodeIgniter.php(499): CodeIgniter\CodeIgniter->runController(Object(App\Controllers\suu))
 3 SYSTEMPATH\CodeIgniter.php(368): CodeIgniter\CodeIgniter->handleRequest(null, Object(Config\Cache), false)
 4 FCPATH\index.php(67): CodeIgniter\CodeIgniter->run()
INFO - 2023-04-04 08:05:24 --> Session: Class initialized using 'CodeIgniter\Session\Handlers\FileHandler' driver.
INFO - 2023-04-04 08:05:25 --> Session: Class initialized using 'CodeIgniter\Session\Handlers\FileHandler' driver.
CRITICAL - 2023-04-04 08:05:28 --> CodeIgniter\HTTP\RedirectResponse::to(): Argument #1 ($uri) must be of type string, null given, called in C:\xampp\htdocs\codeignater\app\Controllers\suu.php on line 21
in SYSTEMPATH\HTTP\RedirectResponse.php on line 32.
 1 APPPATH\Controllers\suu.php(21): CodeIgniter\HTTP\RedirectResponse->to(null)
 2 SYSTEMPATH\CodeIgniter.php(934): App\Controllers\suu->kepdf()
 3 SYSTEMPATH\CodeIgniter.php(499): CodeIgniter\CodeIgniter->runController(Object(App\Controllers\suu))
 4 SYSTEMPATH\CodeIgniter.php(368): CodeIgniter\CodeIgniter->handleRequest(null, Object(Config\Cache), false)
 5 FCPATH\index.php(67): CodeIgniter\CodeIgniter->run()
INFO - 2023-04-04 09:00:29 --> Session: Class initialized using 'CodeIgniter\Session\Handlers\FileHandler' driver.
INFO - 2023-04-04 09:00:32 --> Session: Class initialized using 'CodeIgniter\Session\Handlers\FileHandler' driver.
CRITICAL - 2023-04-04 09:00:33 --> Too few arguments to function App\Models\Model_siakad::info_mhs(), 0 passed in C:\xampp\htdocs\codeignater\app\Controllers\suu.php on line 19 and exactly 1 expected
in APPPATH\Models\Model_siakad.php on line 80.
 1 APPPATH\Controllers\suu.php(19): App\Models\Model_siakad->info_mhs()
 2 SYSTEMPATH\CodeIgniter.php(934): App\Controllers\suu->kepdf()
 3 SYSTEMPATH\CodeIgniter.php(499): CodeIgniter\CodeIgniter->runController(Object(App\Controllers\suu))
 4 SYSTEMPATH\CodeIgniter.php(368): CodeIgniter\CodeIgniter->handleRequest(null, Object(Config\Cache), false)
 5 FCPATH\index.php(67): CodeIgniter\CodeIgniter->run()
CRITICAL - 2023-04-04 09:01:05 --> Undefined variable $mpdf
in APPPATH\Controllers\suu.php on line 45.
 1 APPPATH\Controllers\suu.php(45): CodeIgniter\Debug\Exceptions->errorHandler(2, 'Undefined variable $mpdf', 'APPPATH\\Controllers\\suu.php', 45)
 2 SYSTEMPATH\CodeIgniter.php(934): App\Controllers\suu->kepdf()
 3 SYSTEMPATH\CodeIgniter.php(499): CodeIgniter\CodeIgniter->runController(Object(App\Controllers\suu))
 4 SYSTEMPATH\CodeIgniter.php(368): CodeIgniter\CodeIgniter->handleRequest(null, Object(Config\Cache), false)
 5 FCPATH\index.php(67): CodeIgniter\CodeIgniter->run()
CRITICAL - 2023-04-04 09:01:19 --> CodeIgniter\HTTP\RedirectResponse::to(): Argument #1 ($uri) must be of type string, null given, called in C:\xampp\htdocs\codeignater\app\Controllers\suu.php on line 46
in SYSTEMPATH\HTTP\RedirectResponse.php on line 32.
 1 APPPATH\Controllers\suu.php(46): CodeIgniter\HTTP\RedirectResponse->to(null)
 2 SYSTEMPATH\CodeIgniter.php(934): App\Controllers\suu->kepdf()
 3 SYSTEMPATH\CodeIgniter.php(499): CodeIgniter\CodeIgniter->runController(Object(App\Controllers\suu))
 4 SYSTEMPATH\CodeIgniter.php(368): CodeIgniter\CodeIgniter->handleRequest(null, Object(Config\Cache), false)
 5 FCPATH\index.php(67): CodeIgniter\CodeIgniter->run()
CRITICAL - 2023-04-04 09:02:04 --> CodeIgniter\HTTP\RedirectResponse::to(): Argument #1 ($uri) must be of type string, null given, called in C:\xampp\htdocs\codeignater\app\Controllers\suu.php on line 46
in SYSTEMPATH\HTTP\RedirectResponse.php on line 32.
 1 APPPATH\Controllers\suu.php(46): CodeIgniter\HTTP\RedirectResponse->to(null)
 2 SYSTEMPATH\CodeIgniter.php(934): App\Controllers\suu->kepdf()
 3 SYSTEMPATH\CodeIgniter.php(499): CodeIgniter\CodeIgniter->runController(Object(App\Controllers\suu))
 4 SYSTEMPATH\CodeIgniter.php(368): CodeIgniter\CodeIgniter->handleRequest(null, Object(Config\Cache), false)
 5 FCPATH\index.php(67): CodeIgniter\CodeIgniter->run()
CRITICAL - 2023-04-04 09:02:05 --> CodeIgniter\HTTP\RedirectResponse::to(): Argument #1 ($uri) must be of type string, null given, called in C:\xampp\htdocs\codeignater\app\Controllers\suu.php on line 46
in SYSTEMPATH\HTTP\RedirectResponse.php on line 32.
 1 APPPATH\Controllers\suu.php(46): CodeIgniter\HTTP\RedirectResponse->to(null)
 2 SYSTEMPATH\CodeIgniter.php(934): App\Controllers\suu->kepdf()
 3 SYSTEMPATH\CodeIgniter.php(499): CodeIgniter\CodeIgniter->runController(Object(App\Controllers\suu))
 4 SYSTEMPATH\CodeIgniter.php(368): CodeIgniter\CodeIgniter->handleRequest(null, Object(Config\Cache), false)
 5 FCPATH\index.php(67): CodeIgniter\CodeIgniter->run()
INFO - 2023-04-04 09:02:05 --> Session: Class initialized using 'CodeIgniter\Session\Handlers\FileHandler' driver.
INFO - 2023-04-04 09:02:07 --> Session: Class initialized using 'CodeIgniter\Session\Handlers\FileHandler' driver.
CRITICAL - 2023-04-04 09:02:10 --> CodeIgniter\HTTP\RedirectResponse::to(): Argument #1 ($uri) must be of type string, null given, called in C:\xampp\htdocs\codeignater\app\Controllers\suu.php on line 46
in SYSTEMPATH\HTTP\RedirectResponse.php on line 32.
 1 APPPATH\Controllers\suu.php(46): CodeIgniter\HTTP\RedirectResponse->to(null)
 2 SYSTEMPATH\CodeIgniter.php(934): App\Controllers\suu->kepdf()
 3 SYSTEMPATH\CodeIgniter.php(499): CodeIgniter\CodeIgniter->runController(Object(App\Controllers\suu))
 4 SYSTEMPATH\CodeIgniter.php(368): CodeIgniter\CodeIgniter->handleRequest(null, Object(Config\Cache), false)
 5 FCPATH\index.php(67): CodeIgniter\CodeIgniter->run()
